google.com 0 75 15/01/2020 13:21:45
youtube.com 0 74 15/01/2020 13:21:45
facebook.com 0 84 15/01/2020 13:21:45
baidu.com 0 76 15/01/2020 13:21:45
wikipedia.org 0 77 15/01/2020 13:21:45
yahoo.com 0 68 15/01/2020 13:21:45
google.co.in 0 73 15/01/2020 13:21:46
reddit.com 0 71 15/01/2020 13:21:46
qq.com 0 170 15/01/2020 13:21:46
amazon.com 0 67 15/01/2020 13:21:46
taobao.com 0 82 15/01/2020 13:21:46
twitter.com 0 67 15/01/2020 13:21:46
tmall.com 0 81 15/01/2020 13:21:46
google.co.jp 0 73 15/01/2020 13:21:47
live.com 0 68 15/01/2020 13:21:47
vk.com 0 67 15/01/2020 13:21:47
instagram.com 0 68 15/01/2020 13:21:47
sohu.com 0 371 15/01/2020 13:21:47
sina.com.cn 0 377 15/01/2020 13:21:47
jd.com 0 403 15/01/2020 13:21:48
weibo.com 0 383 15/01/2020 13:21:48
360.cn 0 372 15/01/2020 13:21:49
google.de 0 72 15/01/2020 13:21:49
google.co.uk 0 73 15/01/2020 13:21:49
linkedin.com 0 67 15/01/2020 13:21:49
google.com.br 0 73 15/01/2020 13:21:50
list.tmall.com 0 123 15/01/2020 13:21:50
google.fr 0 73 15/01/2020 13:21:50
google.ru 0 72 15/01/2020 13:21:50
yandex.ru 0 67 15/01/2020 13:21:50
netflix.com 0 80 15/01/2020 13:21:50
google.com.hk 0 73 15/01/2020 13:21:50
yahoo.co.jp 0 70 15/01/2020 13:21:51
google.it 0 72 15/01/2020 13:21:51
t.co 0 67 15/01/2020 13:21:51
ebay.com 0 68 15/01/2020 13:21:51
google.es 0 73 15/01/2020 13:21:51
pornhub.com 0 67 15/01/2020 13:21:51
imgur.com 0 68 15/01/2020 13:21:51
bing.com 0 67 15/01/2020 13:21:51
msn.com 0 69 15/01/2020 13:21:52
onclkds.com 0 80 15/01/2020 13:21:52
twitch.tv 0 69 15/01/2020 13:21:52
google.com.mx 0 72 15/01/2020 13:21:52
google.ca 0 97 15/01/2020 13:21:52
tumblr.com 0 73 15/01/2020 13:21:52
gmw.cn 0 376 15/01/2020 13:21:52
alipay.com 0 82 15/01/2020 13:21:53
livejasmin.com 0 67 15/01/2020 13:21:53
xvideos.com 0 68 15/01/2020 13:21:53
mail.ru 0 68 15/01/2020 13:21:53
microsoft.com 0 67 15/01/2020 13:21:53
ok.ru 0 115 15/01/2020 13:21:53
aliexpress.com 0 81 15/01/2020 13:21:54
wordpress.com 0 68 15/01/2020 13:21:54
hao123.com 0 71 15/01/2020 13:21:54
stackoverflow.com 0 67 15/01/2020 13:21:54
imdb.com 0 77 15/01/2020 13:21:54
github.com 0 84 15/01/2020 13:21:54
amazon.co.jp 0 70 15/01/2020 13:21:54
blogspot.com 0 72 15/01/2020 13:21:54
pinterest.com 0 67 15/01/2020 13:21:55
csdn.net 0 80 15/01/2020 13:21:55
wikia.com 0 71 15/01/2020 13:21:55
apple.com 0 67 15/01/2020 13:21:55
google.com.tr 0 72 15/01/2020 13:21:55
popads.net 0 71 15/01/2020 13:21:55
youth.cn 0 380 15/01/2020 13:21:55
office.com 0 71 15/01/2020 13:21:56
bongacams.com 0 67 15/01/2020 13:21:56
paypal.com 0 150 15/01/2020 13:21:56
microsoftonline.com 0 67 15/01/2020 13:21:56
google.com.tw 0 72 15/01/2020 13:21:56
google.com.au 0 72 15/01/2020 13:21:57
whatsapp.com 0 67 15/01/2020 13:21:57
google.pl 0 72 15/01/2020 13:21:57
xhamster.com 0 67 15/01/2020 13:21:57
detail.tmall.com 0 407 15/01/2020 13:21:57
diply.com 0 71 15/01/2020 13:21:57
google.co.id 0 72 15/01/2020 13:21:58
adobe.com 0 70 15/01/2020 13:21:58
coccoc.com 0 70 15/01/2020 13:21:58
craigslist.org 0 71 15/01/2020 13:21:58
nicovideo.jp 0 71 15/01/2020 13:21:58
txxx.com 0 68 15/01/2020 13:21:58
dropbox.com 0 71 15/01/2020 13:21:58
amazon.de 0 71 15/01/2020 13:21:59
google.com.ar 0 73 15/01/2020 13:21:59
amazon.in 0 76 15/01/2020 13:21:59
googleusercontent.com 0 73 15/01/2020 13:21:59
google.com.pk 0 72 15/01/2020 13:21:59
booking.com 0 71 15/01/2020 13:21:59
thepiratebay.org 0 67 15/01/2020 13:21:59
google.co.th 0 73 15/01/2020 13:21:59
porn555.com 0 78 15/01/2020 13:22:00
pixnet.net 0 211 15/01/2020 13:22:00
tianya.cn 0 71 15/01/2020 13:22:00
google.com.eg 0 73 15/01/2020 13:22:00
china.com 0 372 15/01/2020 13:22:00
bbc.co.uk 0 67 15/01/2020 13:22:01
soso.com 0 369 15/01/2020 13:22:01
google.com.sa 0 74 15/01/2020 13:22:01
savefrom.net 0 68 15/01/2020 13:22:01
amazon.co.uk 0 71 15/01/2020 13:22:01
bbc.com 0 71 15/01/2020 13:22:02
fc2.com 0 80 15/01/2020 13:22:02
mozilla.org 0 71 15/01/2020 13:22:02
rakuten.co.jp 0 296 15/01/2020 13:22:02
uptodown.com 0 86 15/01/2020 13:22:02
cnn.com 0 71 15/01/2020 13:22:02
so.com 0 375 15/01/2020 13:22:03
soundcloud.com 0 85 15/01/2020 13:22:03
google.com.ua 0 73 15/01/2020 13:22:03
quora.com 0 83 15/01/2020 13:22:03
amazonaws.com 0 67 15/01/2020 13:22:03
ask.com 76 77 15/01/2020 13:22:04
clicksgear.com 0 202 15/01/2020 13:22:04
xnxx.com 0 67 15/01/2020 13:22:04
google.nl 0 72 15/01/2020 13:22:04
nytimes.com 0 71 15/01/2020 13:22:04
naver.com 0 149 15/01/2020 13:22:04
ettoday.net 0 71 15/01/2020 13:22:05
adf.ly 0 71 15/01/2020 13:22:05
dailymotion.com 0 75 15/01/2020 13:22:05
onlinesbi.com 0 67 15/01/2020 13:22:05
google.co.za 0 72 15/01/2020 13:22:05
steamcommunity.com 0 76 15/01/2020 13:22:05
google.co.ve 0 71 15/01/2020 13:22:05
salesforce.com 0 71 15/01/2020 13:22:05
espn.com 0 83 15/01/2020 13:22:06
fbcdn.net 0 86 15/01/2020 13:22:06
stackexchange.com 0 71 15/01/2020 13:22:06
blogger.com 0 73 15/01/2020 13:22:06
chase.com 0 67 15/01/2020 13:22:06
google.co.kr 0 72 15/01/2020 13:22:06
ebay.de 0 67 15/01/2020 13:22:06
vimeo.com 0 66 15/01/2020 13:22:07
vice.com 0 71 15/01/2020 13:22:07
theguardian.com 0 71 15/01/2020 13:22:07
blastingnews.com 0 80 15/01/2020 13:22:07
tribunnews.com 0 71 15/01/2020 13:22:07
steampowered.com 0 83 15/01/2020 13:22:07
chaturbate.com 0 67 15/01/2020 13:22:07
ebay.co.uk 0 71 15/01/2020 13:22:07
detik.com 0 371 15/01/2020 13:22:08
google.gr 0 73 15/01/2020 13:22:08
google.com.vn 0 72 15/01/2020 13:22:08
buzzfeed.com 0 80 15/01/2020 13:22:08
indeed.com 0 71 15/01/2020 13:22:08
dailymail.co.uk 0 193 15/01/2020 13:22:08
mediafire.com 0 71 15/01/2020 13:22:09
avito.ru 0 67 15/01/2020 13:22:09
cnet.com 0 71 15/01/2020 13:22:09
google.com.sg 0 72 15/01/2020 13:22:09
globo.com 0 68 15/01/2020 13:22:09
xinhuanet.com 0 70 15/01/2020 13:22:09
openload.co 0 67 15/01/2020 13:22:09
spotify.com 0 71 15/01/2020 13:22:10
flipkart.com 0 71 15/01/2020 13:22:10
ladbible.com 0 122 15/01/2020 13:22:10
google.com.ph 0 72 15/01/2020 13:22:10
google.com.co 0 73 15/01/2020 13:22:10
popcash.net 0 67 15/01/2020 13:22:10
google.be 0 90 15/01/2020 13:22:10
google.se 0 72 15/01/2020 13:22:11
deviantart.com 0 83 15/01/2020 13:22:11
zhihu.com 0 360 15/01/2020 13:22:11
google.cn 0 72 15/01/2020 13:22:11
roblox.com 0 78 15/01/2020 13:22:11
github.io 0 71 15/01/2020 13:22:12
walmart.com 0 71 15/01/2020 13:22:12
google.az 0 72 15/01/2020 13:22:12
douyu.com 0 130 15/01/2020 13:22:12
uol.com.br 0 71 15/01/2020 13:22:12
force.com 0 71 15/01/2020 13:22:12
slideshare.net 0 68 15/01/2020 13:22:12
upornia.com 0 66 15/01/2020 13:22:12
wikihow.com 0 70 15/01/2020 13:22:13
yelp.com 0 79 15/01/2020 13:22:13
twimg.com 0 71 15/01/2020 13:22:13
daikynguyenvn.com 0 87 15/01/2020 13:22:13
w3schools.com 0 176 15/01/2020 13:22:13
washingtonpost.com 0 75 15/01/2020 13:22:13
china.com.cn 0 70 15/01/2020 13:22:13
pinimg.com 0 71 15/01/2020 13:22:14
godaddy.com 0 70 15/01/2020 13:22:14
etsy.com 0 70 15/01/2020 13:22:14
rambler.ru 0 71 15/01/2020 13:22:14
alibaba.com 0 81 15/01/2020 13:22:14
sogou.com 0 376 15/01/2020 13:22:14
nih.gov 0 67 15/01/2020 13:22:15
google.at 0 72 15/01/2020 13:22:15
hclips.com 0 78 15/01/2020 13:22:15
softonic.com 0 72 15/01/2020 13:22:15
babytree.com 0 100 15/01/2020 13:22:15
redtube.com 0 71 15/01/2020 13:22:15
google.com.ng 0 73 15/01/2020 13:22:15
iwanttodeliver.com 0 76 15/01/2020 13:22:16
9gag.com 0 67 15/01/2020 13:22:16
slack.com 0 80 15/01/2020 13:22:16
google.com.pe 0 72 15/01/2020 13:22:16
bankofamerica.com 0 67 15/01/2020 13:22:16
mercadolivre.com.br 0 81 15/01/2020 13:22:16
4chan.org 0 71 15/01/2020 13:22:16
google.ro 0 72 15/01/2020 13:22:16
cpm10.com 0 215 15/01/2020 13:22:17
thestartmagazine.com 0 76 15/01/2020 13:22:17
google.cz 0 72 15/01/2020 13:22:17
redd.it 0 97 15/01/2020 13:22:17
google.ch 0 81 15/01/2020 13:22:17
tripadvisor.com 0 71 15/01/2020 13:22:17
bet365.com 0 71 15/01/2020 13:22:18
gfycat.com 0 83 15/01/2020 13:22:18
amazon.fr 0 71 15/01/2020 13:22:18
performanceadexchange.com 0 83 15/01/2020 13:22:18
metropcs.mobi 0 86 15/01/2020 13:22:18
bp.blogspot.com 0 73 15/01/2020 13:22:18
discordapp.com 0 67 15/01/2020 13:22:18
google.cl 0 80 15/01/2020 13:22:19
wellsfargo.com 0 67 15/01/2020 13:22:19
trello.com 0 90 15/01/2020 13:22:19
amazon.it 0 78 15/01/2020 13:22:19
indiatimes.com 0 78 15/01/2020 13:22:19
battle.net 0 185 15/01/2020 13:22:19
google.pt 0 73 15/01/2020 13:22:19
zillow.com 0 83 15/01/2020 13:22:20
1688.com 0 83 15/01/2020 13:22:20
google.co.ao 0 73 15/01/2020 13:22:20
messenger.com 0 76 15/01/2020 13:22:20
thewhizmarketing.com 0 84 15/01/2020 13:22:20
google.no 0 72 15/01/2020 13:22:20
kinogo.club 0 84 15/01/2020 13:22:20
kissanime.ru 0 79 15/01/2020 13:22:20
mama.cn 0 80 15/01/2020 13:22:21
gamepedia.com 0 81 15/01/2020 13:22:21
youporn.com 0 67 15/01/2020 13:22:21
forbes.com 0 72 15/01/2020 13:22:21
people.com.cn 0 381 15/01/2020 13:22:21
myway.com 0 71 15/01/2020 13:22:22
yts.ag 0 70 15/01/2020 13:22:22
tokopedia.com 0 83 15/01/2020 13:22:22
google.ae 0 72 15/01/2020 13:22:22
abs-cbn.com 0 78 15/01/2020 13:22:22
youm7.com 0 72 15/01/2020 13:22:22
pipeschannels.com 0 79 15/01/2020 13:22:22
weather.com 0 84 15/01/2020 13:22:22
outbrain.com 0 71 15/01/2020 13:22:23
ameblo.jp 0 72 15/01/2020 13:22:23
ikea.com 0 75 15/01/2020 13:22:23
spotscenered.info 0 77 15/01/2020 13:22:23
kakaku.com 0 71 15/01/2020 13:22:23
trackmedia101.com 0 226 15/01/2020 13:22:23
mega.nz 0 67 15/01/2020 13:22:24
39.net 0 409 15/01/2020 13:22:24
bilibili.com 0 71 15/01/2020 13:22:24
google.dz 0 95 15/01/2020 13:22:24
huffingtonpost.com 0 81 15/01/2020 13:22:24
hotmovs.com 0 71 15/01/2020 13:22:25
speedtest.net 0 71 15/01/2020 13:22:25
livejournal.com 0 80 15/01/2020 13:22:25
reimageplus.com 0 79 15/01/2020 13:22:25
google.ie 0 72 15/01/2020 13:22:25
adexchangeprediction.com 0 71 15/01/2020 13:22:25
hotstar.com 0 83 15/01/2020 13:22:25
rarbg.to 0 72 15/01/2020 13:22:25
wetransfer.com 0 67 15/01/2020 13:22:26
ign.com 0 80 15/01/2020 13:22:26
doubleclick.net 0 73 15/01/2020 13:22:26
google.hu 0 73 15/01/2020 13:22:26
irctc.co.in 0 67 15/01/2020 13:22:26
gomovies.to 0 86 15/01/2020 13:22:26
foxnews.com 0 71 15/01/2020 13:22:26
aol.com 0 68 15/01/2020 13:22:26
sharepoint.com 0 67 15/01/2020 13:22:27
google.co.il 0 72 15/01/2020 13:22:27
archive.org 0 70 15/01/2020 13:22:27
airbnb.com 0 70 15/01/2020 13:22:27
allegro.pl 0 71 15/01/2020 13:22:27
torrentz2.eu 0 71 15/01/2020 13:22:27
bestbuy.com 0 86 15/01/2020 13:22:27
amazon.cn 0 67 15/01/2020 13:22:28
ltn.com.tw 0 85 15/01/2020 13:22:28
huanqiu.com 0 1313 15/01/2020 13:22:28
leboncoin.fr 0 70 15/01/2020 13:22:29
google.dk 0 72 15/01/2020 13:22:29
cnblogs.com 0 84 15/01/2020 13:22:29
files.wordpress.com 0 77 15/01/2020 13:22:30
bitauto.com 0 370 15/01/2020 13:22:30
dingit.tv 0 80 15/01/2020 13:22:30
codeonclick.com 0 88 15/01/2020 13:22:30
feedly.com 0 71 15/01/2020 13:22:30
sumatoad.com 0 89 15/01/2020 13:22:31
amazon.es 0 71 15/01/2020 13:22:31
freepik.com 0 70 15/01/2020 13:22:31
shutterstock.com 0 71 15/01/2020 13:22:31
wikimedia.org 0 77 15/01/2020 13:22:31
google.fi 0 72 15/01/2020 13:22:31
huaban.com 0 382 15/01/2020 13:22:31
skype.com 0 67 15/01/2020 13:22:32
caijing.com.cn 0 376 15/01/2020 13:22:32
ebay-kleinanzeigen.de 0 101 15/01/2020 13:22:32
businessinsider.com 0 71 15/01/2020 13:22:32
k618.cn 0 2388 15/01/2020 13:22:33
breitbart.com 0 77 15/01/2020 13:22:35
liputan6.com 0 82 15/01/2020 13:22:35
kinopoisk.ru 0 114 15/01/2020 13:22:35
onlinevideoconverter.com 0 77 15/01/2020 13:22:35
wordreference.com 0 85 15/01/2020 13:22:36
kompas.com 0 83 15/01/2020 13:22:36
hdzog.com 0 67 15/01/2020 13:22:36
chinadaily.com.cn 0 156 15/01/2020 13:22:36
giphy.com 0 72 15/01/2020 13:22:36
sberbank.ru 0 67 15/01/2020 13:22:36
blogspot.com.br 0 73 15/01/2020 13:22:36
zippyshare.com 0 71 15/01/2020 13:22:37
rutracker.org 0 71 15/01/2020 13:22:37
spankbang.com 0 70 15/01/2020 13:22:37
flickr.com 0 82 15/01/2020 13:22:37
blogspot.in 0 78 15/01/2020 13:22:37
fmovies.is 0 142 15/01/2020 13:22:37
genius.com 0 70 15/01/2020 13:22:37
subject.tmall.com 0 233 15/01/2020 13:22:38
2ch.net 0 80 15/01/2020 13:22:38
tfetimes.com 0 72 15/01/2020 13:22:38
espncricinfo.com 0 81 15/01/2020 13:22:38
mediawhirl.net 0 366 15/01/2020 13:22:38
gamefaqs.com 0 71 15/01/2020 13:22:39
sourceforge.net 0 71 15/01/2020 13:22:39
scribd.com 0 71 15/01/2020 13:22:39
telegram.org 0 67 15/01/2020 13:22:39
videodownloadconverter.com 0 71 15/01/2020 13:22:39
researchgate.net 0 83 15/01/2020 13:22:39
gismeteo.ru 0 71 15/01/2020 13:22:39
mailchimp.com 0 87 15/01/2020 13:22:40
accuweather.com 0 76 15/01/2020 13:22:40
xfinity.com 0 67 15/01/2020 13:22:40
aliyun.com 0 82 15/01/2020 13:22:40
homedepot.com 0 84 15/01/2020 13:22:40
sabah.com.tr 0 81 15/01/2020 13:22:40
mmofreegames.online 0 89 15/01/2020 13:22:40
web.de 0 71 15/01/2020 13:22:41
eastday.com 0 357 15/01/2020 13:22:41
gmx.net 0 71 15/01/2020 13:22:41
leagueoflegends.com 0 83 15/01/2020 13:22:41
youtube-mp3.org 0 88 15/01/2020 13:22:41
rumble.com 0 83 15/01/2020 13:22:41
asos.com 0 79 15/01/2020 13:22:42
varzesh3.com 0 67 15/01/2020 13:22:42
daum.net 0 214 15/01/2020 13:22:42
google.sk 0 73 15/01/2020 13:22:42
1337x.to 0 67 15/01/2020 13:22:42
office365.com 0 67 15/01/2020 13:22:42
naver.jp 0 331 15/01/2020 13:22:43
medium.com 0 67 15/01/2020 13:22:43
ouo.io 0 70 15/01/2020 13:22:43
hola.com 0 70 15/01/2020 13:22:43
thesaurus.com 0 70 15/01/2020 13:22:43
shopify.com 0 71 15/01/2020 13:22:43
orange.fr 0 68 15/01/2020 13:22:44
media.tumblr.com 0 78 15/01/2020 13:22:44
digikala.com 0 71 15/01/2020 13:22:44
rt.com 0 71 15/01/2020 13:22:44
ndtv.com 0 78 15/01/2020 13:22:44
livedoor.com 0 73 15/01/2020 13:22:44
oracle.com 0 76 15/01/2020 13:22:44
telegraph.co.uk 0 86 15/01/2020 13:22:44
wordpress.org 0 67 15/01/2020 13:22:45
olx.ua 0 83 15/01/2020 13:22:45
zendesk.com 0 71 15/01/2020 13:22:45
amazon.ca 0 75 15/01/2020 13:22:45
samsung.com 0 71 15/01/2020 13:22:45
icloud.com 0 71 15/01/2020 13:22:45
redirectvoluum.com 0 85 15/01/2020 13:22:45
cricbuzz.com 0 77 15/01/2020 13:22:45
gearbest.com 0 76 15/01/2020 13:22:46
userapi.com 0 108 15/01/2020 13:22:46
goodreads.com 0 76 15/01/2020 13:22:46
goo.ne.jp 0 294 15/01/2020 13:22:46
capitalone.com 0 71 15/01/2020 13:22:46
bukalapak.com 0 80 15/01/2020 13:22:47
streamable.com 0 71 15/01/2020 13:22:47
weebly.com 0 71 15/01/2020 13:22:47
taboola.com 0 77 15/01/2020 13:22:47
hp.com 0 67 15/01/2020 13:22:47
hulu.com 0 75 15/01/2020 13:22:47
americanexpress.com 0 73 15/01/2020 13:22:47
google.kz 0 73 15/01/2020 13:22:47
iqoption.com 0 82 15/01/2020 13:22:48
target.com 0 70 15/01/2020 13:22:48
beeg.com 0 67 15/01/2020 13:22:48
usps.com 0 213 15/01/2020 13:22:48
ci123.com 0 374 15/01/2020 13:22:48
askcom.me 0 215 15/01/2020 13:22:49
kaskus.co.id 0 71 15/01/2020 13:22:49
weevah2.top 0 237 15/01/2020 13:22:49
subscene.com 0 67 15/01/2020 13:22:49
atlassian.net 0 79 15/01/2020 13:22:49
repubblica.it 0 71 15/01/2020 13:22:50
providr.com 0 83 15/01/2020 13:22:50
onet.pl 0 71 15/01/2020 13:22:50
aparat.com 0 67 15/01/2020 13:22:50
ups.com 0 72 15/01/2020 13:22:50
newstarads.com 0 80 15/01/2020 13:22:50
youdao.com 0 72 15/01/2020 13:22:50
evernote.com 0 67 15/01/2020 13:22:50
independent.co.uk 0 86 15/01/2020 13:22:51
rednet.cn 0 389 15/01/2020 13:22:51
canva.com 0 78 15/01/2020 13:22:51
hatena.ne.jp 0 82 15/01/2020 13:22:51
rottentomatoes.com 0 76 15/01/2020 13:22:51
nownews.com 0 78 15/01/2020 13:22:52
hdfcbank.com 0 71 15/01/2020 13:22:52
wittyfeed.com 0 79 15/01/2020 13:22:52
spiegel.de 0 78 15/01/2020 13:22:52
elpais.com 0 83 15/01/2020 13:22:52
taleo.net 0 77 15/01/2020 13:22:52
bet9ja.com 0 68 15/01/2020 13:22:52
ibm.com 0 76 15/01/2020 13:22:53
yesky.com 0 354 15/01/2020 13:22:53
boredpanda.com 0 83 15/01/2020 13:22:53
udemy.com 0 76 15/01/2020 13:22:53
livedoor.jp 0 296 15/01/2020 13:22:53
shink.in 0 76 15/01/2020 13:22:54
iqiyi.com 0 340 15/01/2020 13:22:54
asdfz.pro 0 100 15/01/2020 13:22:54
duckduckgo.com 0 81 15/01/2020 13:22:54
hatenablog.com 0 81 15/01/2020 13:22:55
sciencedirect.com 0 77 15/01/2020 13:22:55
fiverr.com 0 77 15/01/2020 13:22:55
wp.pl 0 99 15/01/2020 13:22:55
mlb.com 0 80 15/01/2020 13:22:55
mercadolibre.com.ar 0 84 15/01/2020 13:22:55
go.com 0 71 15/01/2020 13:22:55
gyazo.com 0 67 15/01/2020 13:22:56
naij.com 0 79 15/01/2020 13:22:56
reverso.net 0 85 15/01/2020 13:22:56
ensonhaber.com 0 71 15/01/2020 13:22:56
setn.com 0 76 15/01/2020 13:22:56
patreon.com 0 78 15/01/2020 13:22:56
google.com.kw 0 72 15/01/2020 13:22:56
doublepimpssl.com 0 78 15/01/2020 13:22:56
cloudfront.net 0 71 15/01/2020 13:22:57
line.me 0 71 15/01/2020 13:22:57
jrj.com.cn 0 367 15/01/2020 13:22:57
myanimelist.net 0 72 15/01/2020 13:22:57
upwork.com 0 78 15/01/2020 13:22:57
incometaxindiaefiling.gov.in 0 442 15/01/2020 13:22:58
intuit.com 0 76 15/01/2020 13:22:58
nametests.com 0 77 15/01/2020 13:22:58
mobileofferplace.site 0 87 15/01/2020 13:22:58
themeforest.net 0 71 15/01/2020 13:22:58
piz7ohhujogi.com 0 90 15/01/2020 13:22:59
oeeee.com 0 660 15/01/2020 13:22:59
seasonvar.ru 0 67 15/01/2020 13:22:59
dell.com 0 71 15/01/2020 13:23:00
bloomberg.com 0 67 15/01/2020 13:23:00
cerpen.co.id 0 79 15/01/2020 13:23:00
playstation.com 0 79 15/01/2020 13:23:00
urbandictionary.com 0 89 15/01/2020 13:23:00
behance.net 0 85 15/01/2020 13:23:00
fedex.com 0 72 15/01/2020 13:23:00
groupon.com 0 76 15/01/2020 13:23:00
qiita.com 0 83 15/01/2020 13:23:01
exoclick.com 0 72 15/01/2020 13:23:01
box.com 0 77 15/01/2020 13:23:01
scribol.com 0 81 15/01/2020 13:23:01
doublepimp.com 0 71 15/01/2020 13:23:01
glassdoor.com 0 71 15/01/2020 13:23:01
uidai.gov.in 0 324 15/01/2020 13:23:01
theverge.com 0 71 15/01/2020 13:23:02
marca.com 0 77 15/01/2020 13:23:02
coinmarketcap.com 0 67 15/01/2020 13:23:02
wix.com 0 71 15/01/2020 13:23:02
slickdeals.net 0 78 15/01/2020 13:23:02
baike.com 0 352 15/01/2020 13:23:02
rediff.com 0 84 15/01/2020 13:23:03
google.co.nz 0 73 15/01/2020 13:23:03
haber7.com 0 81 15/01/2020 13:23:03
ytimg.com 0 72 15/01/2020 13:23:03
free.fr 0 70 15/01/2020 13:23:03
4dsply.com 0 78 15/01/2020 13:23:04
yadi.sk 0 70 15/01/2020 13:23:04
patch.com 0 84 15/01/2020 13:23:04
ultimate-guitar.com 0 80 15/01/2020 13:23:04
163.com 0 370 15/01/2020 13:23:04
zoho.com 0 70 15/01/2020 13:23:04
onedio.com 0 71 15/01/2020 13:23:05
thewhizproducts.com 0 71 15/01/2020 13:23:05
pandora.com 0 76 15/01/2020 13:23:05
google.bg 0 74 15/01/2020 13:23:05
perfecttoolmedia.com 0 91 15/01/2020 13:23:05
taringa.net 0 78 15/01/2020 13:23:05
sportbible.com 0 84 15/01/2020 13:23:05
citi.com 0 82 15/01/2020 13:23:06
momoshop.com.tw 0 324 15/01/2020 13:23:06
kickstarter.com 0 84 15/01/2020 13:23:06
ebay.it 0 77 15/01/2020 13:23:06
icicibank.com 0 67 15/01/2020 13:23:06
seznam.cz 0 70 15/01/2020 13:23:06
biobiochile.cl 0 190 15/01/2020 13:23:07
gizmodo.com 0 70 15/01/2020 13:23:07
wowhead.com 0 72 15/01/2020 13:23:07
manoramaonline.com 0 71 15/01/2020 13:23:07
t-online.de 0 73 15/01/2020 13:23:07
lifebuzz.com 0 81 15/01/2020 13:23:07
lazada.co.id 0 83 15/01/2020 13:23:07
cnzz.com 0 82 15/01/2020 13:23:08
conservativetribune.com 0 78 15/01/2020 13:23:08
wattpad.com 0 67 15/01/2020 13:23:08
sahibinden.com 0 113 15/01/2020 13:23:08
ebay.com.au 0 76 15/01/2020 13:23:08
pixabay.com 0 71 15/01/2020 13:23:08
naukri.com 0 77 15/01/2020 13:23:08
yandex.ua 0 71 15/01/2020 13:23:09
launchpage.org 0 151 15/01/2020 13:23:09
umblr.com 0 83 15/01/2020 13:23:09
mi.com 0 71 15/01/2020 13:23:09
webmd.com 0 78 15/01/2020 13:23:09
goal.com 0 87 15/01/2020 13:23:09
gamer.com.tw 0 78 15/01/2020 13:23:10
gsmarena.com 0 104 15/01/2020 13:23:10
tutorialspoint.com 0 71 15/01/2020 13:23:10
siteadvisor.com 0 194 15/01/2020 13:23:10
billdesk.com 0 71 15/01/2020 13:23:10
libero.it 0 68 15/01/2020 13:23:10
reuters.com 0 82 15/01/2020 13:23:10
list-manage.com 0 70 15/01/2020 13:23:11
mercadolibre.com.mx 0 83 15/01/2020 13:23:11
poloniex.com 0 67 15/01/2020 13:23:11
paytm.com 0 80 15/01/2020 13:23:11
olx.pl 0 83 15/01/2020 13:23:11
google.lk 0 73 15/01/2020 13:23:11
bleacherreport.com 0 72 15/01/2020 13:23:11
google.rs 0 72 15/01/2020 13:23:12
shaparak.ir 0 292 15/01/2020 13:23:12
emol.com 0 73 15/01/2020 13:23:12
tube8.com 0 75 15/01/2020 13:23:12
blackboard.com 0 77 15/01/2020 13:23:12
pantip.com 0 213 15/01/2020 13:23:12
vporn.com 0 72 15/01/2020 13:23:13
pikabu.ru 0 67 15/01/2020 13:23:13
expedia.com 0 71 15/01/2020 13:23:13
filehippo.com 0 71 15/01/2020 13:23:13
friv.com 0 71 15/01/2020 13:23:13
usatoday.com 0 84 15/01/2020 13:23:13
nur.kz 0 71 15/01/2020 13:23:13
chatwork.com 0 124 15/01/2020 13:23:14
merdeka.com 0 82 15/01/2020 13:23:14
xda-developers.com 0 78 15/01/2020 13:23:14
pulseonclick.com 0 87 15/01/2020 13:23:14
ptt.cc 0 91 15/01/2020 13:23:14
vtv.vn 0 655 15/01/2020 13:23:14
humblebundle.com 0 70 15/01/2020 13:23:15
instructure.com 0 71 15/01/2020 13:23:15
ck101.com 0 83 15/01/2020 13:23:15
dictionary.com 0 71 15/01/2020 13:23:15
hilltopads.net 0 77 15/01/2020 13:23:16
wiktionary.org 0 85 15/01/2020 13:23:16
tvbs.com.tw 0 82 15/01/2020 13:23:16
nike.com 0 71 15/01/2020 13:23:16
porn.com 0 73 15/01/2020 13:23:16
uploaded.net 0 70 15/01/2020 13:23:16
lemonde.fr 0 73 15/01/2020 13:23:16
liftable.com 0 87 15/01/2020 13:23:16
azlyrics.com 0 71 15/01/2020 13:23:17
google.by 0 72 15/01/2020 13:23:17
att.com 0 71 15/01/2020 13:23:17
givemesport.com 0 84 15/01/2020 13:23:17
hurriyet.com.tr 0 81 15/01/2020 13:23:17
bild.de 0 71 15/01/2020 13:23:17
albawabhnews.com 0 78 15/01/2020 13:23:17
wsj.com 0 81 15/01/2020 13:23:17
asana.com 0 80 15/01/2020 13:23:18
tistory.com 0 316 15/01/2020 13:23:18
souq.com 0 82 15/01/2020 13:23:18
newegg.com 0 76 15/01/2020 13:23:18
mit.edu 0 71 15/01/2020 13:23:18
kapanlagi.com 0 84 15/01/2020 13:23:19
coinbase.com 0 77 15/01/2020 13:23:19
wixsite.com 0 67 15/01/2020 13:23:19
hubspot.com 0 82 15/01/2020 13:23:19
flirt4free.com 0 77 15/01/2020 13:23:19
hm.com 0 84 15/01/2020 13:23:19
104.com.tw 0 327 15/01/2020 13:23:19
drom.ru 0 72 15/01/2020 13:23:20
sabq.org 0 71 15/01/2020 13:23:20
pages.tmall.com 0 87 15/01/2020 13:23:20
google.com.do 0 78 15/01/2020 13:23:20
chip.de 0 76 15/01/2020 13:23:20
asus.com 0 76 15/01/2020 13:23:20
wiley.com 0 208 15/01/2020 13:23:21
elmundo.es 0 77 15/01/2020 13:23:21
kijiji.ca 0 78 15/01/2020 13:23:21
hespress.com 0 71 15/01/2020 13:23:21
inquirer.net 0 79 15/01/2020 13:23:21
tabelog.com 0 308 15/01/2020 13:23:21
jabong.com 0 97 15/01/2020 13:23:22
17ok.com 0 382 15/01/2020 13:23:22
lk21.org 0 78 15/01/2020 13:23:22
blogspot.mx 0 73 15/01/2020 13:23:22
hotels.com 0 82 15/01/2020 13:23:23
engadget.com 0 82 15/01/2020 13:23:23
gogoanime.io 0 71 15/01/2020 13:23:23
banggood.com 0 71 15/01/2020 13:23:23
thefreedictionary.com 0 71 15/01/2020 13:23:23
okta.com 0 78 15/01/2020 13:23:23
4shared.com 0 171 15/01/2020 13:23:23
npr.org 0 71 15/01/2020 13:23:24
apple-panda.com 0 77 15/01/2020 13:23:24
comcast.net 0 152 15/01/2020 13:23:24
okdiario.com 0 71 15/01/2020 13:23:24
ouedkniss.com 0 85 15/01/2020 13:23:24
cambridge.org 0 76 15/01/2020 13:23:24
kooora.com 0 68 15/01/2020 13:23:24
ria.ru 0 119 15/01/2020 13:23:25
dmm.co.jp 0 306 15/01/2020 13:23:25
wunderground.com 0 77 15/01/2020 13:23:25
getpocket.com 0 70 15/01/2020 13:23:25
youjizz.com 0 71 15/01/2020 13:23:25
discogs.com 0 82 15/01/2020 13:23:25
adp.com 0 169 15/01/2020 13:23:26
bandcamp.com 0 71 15/01/2020 13:23:26
weblio.jp 0 92 15/01/2020 13:23:26
as.com 0 83 15/01/2020 13:23:26
wish.com 0 104 15/01/2020 13:23:26
51sole.com 0 80 15/01/2020 13:23:26
animeflv.net 0 71 15/01/2020 13:23:27
squarespace.com 0 70 15/01/2020 13:23:27
ctitv.com.tw 0 336 15/01/2020 13:23:27
gamespot.com 0 185 15/01/2020 13:23:27
lolsided.com 0 78 15/01/2020 13:23:27
likrete.com 0 173 15/01/2020 13:23:28
sex.com 0 71 15/01/2020 13:23:28
olx.com.br 0 81 15/01/2020 13:23:28
xe.com 0 86 15/01/2020 13:23:28
life.tw 0 99 15/01/2020 13:23:28
corriere.it 0 71 15/01/2020 13:23:28
techcrunch.com 0 71 15/01/2020 13:23:28
verizonwireless.com 0 184 15/01/2020 13:23:29
youboy.com 0 80 15/01/2020 13:23:29
milliyet.com.tr 0 85 15/01/2020 13:23:29
jianshu.com 0 401 15/01/2020 13:23:29
terraclicks.com 0 67 15/01/2020 13:23:30
jeuxvideo.com 0 75 15/01/2020 13:23:30
webex.com 0 71 15/01/2020 13:23:30
drtuber.com 0 79 15/01/2020 13:23:30
okcupid.com 0 72 15/01/2020 13:23:30
mbc.net 0 82 15/01/2020 13:23:30
badoo.com 0 86 15/01/2020 13:23:30
convert2mp3.net 0 78 15/01/2020 13:23:30
google.hr 0 73 15/01/2020 13:23:31
drive2.ru 0 71 15/01/2020 13:23:31
meetup.com 0 71 15/01/2020 13:23:31
nikkei.com 0 300 15/01/2020 13:23:31
discuss.com.hk 0 77 15/01/2020 13:23:31
chinaz.com 0 79 15/01/2020 13:23:31
mywatchseries.to 0 71 15/01/2020 13:23:32
lapatilla.com 0 77 15/01/2020 13:23:32
quizlet.com 0 73 15/01/2020 13:23:32
blpmovies.com 0 89 15/01/2020 13:23:32
bitbucket.org 0 79 15/01/2020 13:23:32
douban.com 0 394 15/01/2020 13:23:32
mundo.com 0 71 15/01/2020 13:23:33
linkshrink.net 0 70 15/01/2020 13:23:33
thekitchn.com 0 71 15/01/2020 13:23:33
norton.com 0 71 15/01/2020 13:23:33
reallifecam.com 0 71 15/01/2020 13:23:33
surveymonkey.com 0 78 15/01/2020 13:23:33
springer.com 0 77 15/01/2020 13:23:34
google.com.ly 0 73 15/01/2020 13:23:34
gamingwonderland.com 0 81 15/01/2020 13:23:34
blogfa.com 0 77 15/01/2020 13:23:34
mercadolibre.com.ve 0 160 15/01/2020 13:23:34
lifehacker.com 0 67 15/01/2020 13:23:34
fnkyyrgraizy.com 0 79 15/01/2020 13:23:34
thevideo.me 0 77 15/01/2020 13:23:35
suning.com 0 483 15/01/2020 13:23:35
neobux.com 0 79 15/01/2020 13:23:35
brilio.net 0 71 15/01/2020 13:23:35
coursera.org 0 86 15/01/2020 13:23:35
lowes.com 0 85 15/01/2020 13:23:36
eksisozluk.com 0 71 15/01/2020 13:23:36
lefigaro.fr 0 71 15/01/2020 13:23:36
liveadexchanger.com 0 77 15/01/2020 13:23:36
alicdn.com 0 80 15/01/2020 13:23:36
ebay.in 0 82 15/01/2020 13:23:36
japanpost.jp 0 67 15/01/2020 13:23:36
drudgereport.com 0 70 15/01/2020 13:23:37
kotaku.com 0 67 15/01/2020 13:23:37
lenta.ru 0 67 15/01/2020 13:23:37
blog.jp 0 306 15/01/2020 13:23:37
ask.fm 0 67 15/01/2020 13:23:37
buyma.com 0 92 15/01/2020 13:23:37
goo.gl 0 72 15/01/2020 13:23:38
myfreecams.com 0 70 15/01/2020 13:23:38
ccm.net 0 79 15/01/2020 13:23:38
uptobox.com 0 67 15/01/2020 13:23:38
beytoote.com 0 70 15/01/2020 13:23:38
cnbc.com 0 77 15/01/2020 13:23:38
prezi.com 0 71 15/01/2020 13:23:38
motherless.com 0 68 15/01/2020 13:23:38
superuser.com 0 71 15/01/2020 13:23:39
chaoshi.tmall.com 0 104 15/01/2020 13:23:39
newtabtv.com 0 85 15/01/2020 13:23:39
eskimi.com 0 78 15/01/2020 13:23:39
google.tn 0 73 15/01/2020 13:23:39
namnak.com 0 71 15/01/2020 13:23:39
realtor.com 0 71 15/01/2020 13:23:39
indoxxi.net 0 79 15/01/2020 13:23:39
avg.com 0 67 15/01/2020 13:23:40
investopedia.com 0 78 15/01/2020 13:23:40
ca.gov 0 220 15/01/2020 13:23:40
nypost.com 0 71 15/01/2020 13:23:40
ntd.tv 0 79 15/01/2020 13:23:40
discover.com 0 86 15/01/2020 13:23:40
rapidgator.net 0 67 15/01/2020 13:23:41
mobilemonetize.me 0 220 15/01/2020 13:23:41
mirror.co.uk 0 72 15/01/2020 13:23:41
www.gov.uk 0 77 15/01/2020 13:23:41
infusionsoft.com 0 80 15/01/2020 13:23:41
kinokrad.co 0 70 15/01/2020 13:23:41
appledaily.com.tw 0 113 15/01/2020 13:23:41
academia.edu 0 80 15/01/2020 13:23:42
voc.com.cn 0 82 15/01/2020 13:23:42
cdiscount.com 0 76 15/01/2020 13:23:42
gomovies.is 0 83 15/01/2020 13:23:42
lenovo.com 0 84 15/01/2020 13:23:42
nba.com 0 78 15/01/2020 13:23:42
gmarket.co.kr 0 76 15/01/2020 13:23:42
southwest.com 0 192 15/01/2020 13:23:43
stockstar.com 0 367 15/01/2020 13:23:43
dafont.com 0 71 15/01/2020 13:23:43
crunchyroll.com 0 78 15/01/2020 13:23:43
macys.com 0 84 15/01/2020 13:23:44
moneycontrol.com 0 312 15/01/2020 13:23:44
sakura.ne.jp 0 296 15/01/2020 13:23:44
subito.it 0 83 15/01/2020 13:23:44
g2a.com 0 78 15/01/2020 13:23:45
grid.id 0 71 15/01/2020 13:23:45
kayak.com 0 77 15/01/2020 13:23:45
bodybuilding.com 0 70 15/01/2020 13:23:45
googlevideo.com 0 72 15/01/2020 13:23:45
urdupoint.com 0 85 15/01/2020 13:23:45
fanfiction.net 0 75 15/01/2020 13:23:45
camdolls.com 0 83 15/01/2020 13:23:45
udn.com 0 79 15/01/2020 13:23:46
bitly.com 0 71 15/01/2020 13:23:46
secureserver.net 0 72 15/01/2020 13:23:46
divar.ir 0 67 15/01/2020 13:23:46
thesun.co.uk 0 76 15/01/2020 13:23:46
autodesk.com 0 71 15/01/2020 13:23:46
winningdealz.com 0 204 15/01/2020 13:23:46
vnexpress.net 0 652 15/01/2020 13:23:47
banvenez.com 0 245 15/01/2020 13:23:47
fwbntw.com 0 94 15/01/2020 13:23:48
trulia.com 0 87 15/01/2020 13:23:48
eventbrite.com 0 71 15/01/2020 13:23:48
fatosdesconhecidos.com.br 0 79 15/01/2020 13:23:48
rbc.ru 0 70 15/01/2020 13:23:48
fbsbx.com 0 76 15/01/2020 13:23:48
addthis.com 0 77 15/01/2020 13:23:48
unity3d.com 0 76 15/01/2020 13:23:49
caliente.mx 0 83 15/01/2020 13:23:49
xtube.com 0 82 15/01/2020 13:23:49
howtogeek.com 0 71 15/01/2020 13:23:49
android.com 0 73 15/01/2020 13:23:49
gotporn.com 0 78 15/01/2020 13:23:49
snapdeal.com 0 78 15/01/2020 13:23:49
streamcloud.eu 0 72 15/01/2020 13:23:49
wp.com 0 71 15/01/2020 13:23:50
ecosia.org 0 78 15/01/2020 13:23:50
westernjournalism.com 0 86 15/01/2020 13:23:50
investing.com 0 76 15/01/2020 13:23:50
cisco.com 0 67 15/01/2020 13:23:50
interia.pl 0 71 15/01/2020 13:23:50
thebalance.com 0 84 15/01/2020 13:23:50
elbalad.news 0 77 15/01/2020 13:23:51
elmogaz.com 0 86 15/01/2020 13:23:51
commentcamarche.net 0 71 15/01/2020 13:23:51
tomshardware.com 0 80 15/01/2020 13:23:51
el-nacional.com 0 81 15/01/2020 13:23:51
google.com.ec 0 73 15/01/2020 13:23:51
fidelity.com 0 71 15/01/2020 13:23:51
4pda.ru 0 78 15/01/2020 13:23:51
oschina.net 388 1114 15/01/2020 13:23:52
express.co.uk 0 81 15/01/2020 13:23:53
viva.co.id 0 77 15/01/2020 13:23:53
duolingo.com 0 86 15/01/2020 13:23:53
php.net 0 79 15/01/2020 13:23:54
prothom-alo.com 0 84 15/01/2020 13:23:54
hamariweb.com 0 77 15/01/2020 13:23:54
europa.eu 0 66 15/01/2020 13:23:54
jimdo.com 0 68 15/01/2020 13:23:54
indianexpress.com 0 78 15/01/2020 13:23:54
cpmofferconvert.com 0 83 15/01/2020 13:23:54
trackingclick.net 0 75 15/01/2020 13:23:55
telewebion.com 0 78 15/01/2020 13:23:55
latimes.com 0 169 15/01/2020 13:23:55
how01.com 0 88 15/01/2020 13:23:55
techradar.com 0 93 15/01/2020 13:23:55
timeanddate.com 0 71 15/01/2020 13:23:55
zone-telechargement.ws 0 89 15/01/2020 13:23:55
voyeurhit.com 0 71 15/01/2020 13:23:56
fanpage.gr 0 95 15/01/2020 13:23:56
pchome.com.tw 0 329 15/01/2020 13:23:56
okezone.com 0 310 15/01/2020 13:23:56
intel.com 0 72 15/01/2020 13:23:57
bhphotovideo.com 0 76 15/01/2020 13:23:57
gazetaexpress.com 0 71 15/01/2020 13:23:57
uber.com 0 71 15/01/2020 13:23:57
disqus.com 0 67 15/01/2020 13:23:57
google.lt 0 72 15/01/2020 13:23:57
kizlarsoruyor.com 0 77 15/01/2020 13:23:57
grammarly.com 0 84 15/01/2020 13:23:57
kissasian.com 0 209 15/01/2020 13:23:58
hootsuite.com 0 72 15/01/2020 13:23:58
khanacademy.org 0 85 15/01/2020 13:23:58
qoolquiz.com 0 91 15/01/2020 13:23:58
zara.com 0 85 15/01/2020 13:23:58
pirateproxy.cc 0 79 15/01/2020 13:23:58
nordstrom.com 0 77 15/01/2020 13:23:59
google.iq 0 72 15/01/2020 13:23:59
ieee.org 0 72 15/01/2020 13:23:59
pof.com 0 71 15/01/2020 13:23:59
ebay.fr 0 84 15/01/2020 13:23:59
mobile01.com 0 79 15/01/2020 13:23:59
zing.vn 0 71 15/01/2020 13:23:59
sockshare.net 0 71 15/01/2020 13:23:59
lifewire.com 0 71 15/01/2020 13:24:00
instructables.com 0 71 15/01/2020 13:24:00
wykop.pl 0 71 15/01/2020 13:24:00
disq.us 0 67 15/01/2020 13:24:00
my-hit.org 0 78 15/01/2020 13:24:00
chinaso.com 0 372 15/01/2020 13:24:00
directrev.com 0 88 15/01/2020 13:24:01
internetspeedtracker.com 0 73 15/01/2020 13:24:01
kinoprofi.org 0 78 15/01/2020 13:24:01
deviantart.net 0 83 15/01/2020 13:24:01
intoday.in 0 78 15/01/2020 13:24:01
blogspot.jp 0 73 15/01/2020 13:24:01
jw.org 0 77 15/01/2020 13:24:01
vidzi.tv 0 71 15/01/2020 13:24:02
gazeta.pl 0 95 15/01/2020 13:24:02
protect-your-privacy.net 0 80 15/01/2020 13:24:02
thehill.com 0 70 15/01/2020 13:24:02
google.com.mm 0 72 15/01/2020 13:24:02
fromdoctopdf.com 0 73 15/01/2020 13:24:02
delta.com 0 72 15/01/2020 13:24:02
hts68934.com 0 88 15/01/2020 13:24:03
prnt.sc 0 79 15/01/2020 13:24:03
olx.in 0 82 15/01/2020 13:24:03
faithtap.com 0 80 15/01/2020 13:24:03
mobile.de 0 70 15/01/2020 13:24:03
yenisafak.com 0 99 15/01/2020 13:24:03
gongchang.com 0 384 15/01/2020 13:24:03
time.com 0 76 15/01/2020 13:24:04
yaplakal.com 0 87 15/01/2020 13:24:04
y8.com 0 76 15/01/2020 13:24:04
solarmoviez.to 0 362 15/01/2020 13:24:04
58.com 0 169 15/01/2020 13:24:05
allrecipes.com 0 71 15/01/2020 13:24:05
sinoptik.ua 0 72 15/01/2020 13:24:05
eyny.com 0 80 15/01/2020 13:24:05
donga.com 0 365 15/01/2020 13:24:05
sapo.pt 0 108 15/01/2020 13:24:06
merriam-webster.com 0 80 15/01/2020 13:24:06
python.org 0 77 15/01/2020 13:24:06
sarkariresult.com 0 79 15/01/2020 13:24:06
popmyads.com 0 70 15/01/2020 13:24:06
cam4.com 0 76 15/01/2020 13:24:06
52pk.com 0 80 15/01/2020 13:24:07
usnews.com 0 78 15/01/2020 13:24:07
stanford.edu 0 71 15/01/2020 13:24:07
sporx.com 0 73 15/01/2020 13:24:07
sh.st 0 110 15/01/2020 13:24:07
askubuntu.com 0 67 15/01/2020 13:24:07
cbsnews.com 0 71 15/01/2020 13:24:07
mangafox.me 0 78 15/01/2020 13:24:07
eltrack.pro 0 119 15/01/2020 13:24:08
myntra.com 0 77 15/01/2020 13:24:08
cqnews.net 0 367 15/01/2020 13:24:08
tebyan.net 0 71 15/01/2020 13:24:08
dailypakistan.com.pk 0 82 15/01/2020 13:24:08
ukr.net 0 72 15/01/2020 13:24:09
issuu.com 0 71 15/01/2020 13:24:09
caixa.gov.br 0 71 15/01/2020 13:24:09
adnetworkperformance.com 0 71 15/01/2020 13:24:09
state.gov 0 72 15/01/2020 13:24:09
justdial.com 0 79 15/01/2020 13:24:09
sputniknews.com 0 82 15/01/2020 13:24:09
myfitnesspal.com 0 81 15/01/2020 13:24:10
ticketmaster.com 0 77 15/01/2020 13:24:10
bittrex.com 0 67 15/01/2020 13:24:10
zoom.us 0 91 15/01/2020 13:24:10
wtoip.com 0 93 15/01/2020 13:24:10
xbox.com 0 77 15/01/2020 13:24:10
google.com.gt 0 72 15/01/2020 13:24:10
comicbook.com 0 71 15/01/2020 13:24:11
asahi.com 0 77 15/01/2020 13:24:11
codepen.io 0 80 15/01/2020 13:24:11
makemytrip.com 0 72 15/01/2020 13:24:11
tnctrx.com 0 87 15/01/2020 13:24:11
metropoles.com 0 85 15/01/2020 13:24:11
sugklonistiko.gr 0 161 15/01/2020 13:24:11
idnes.cz 0 88 15/01/2020 13:24:12
primewire.ag 0 78 15/01/2020 13:24:12
nature.com 0 70 15/01/2020 13:24:12
dianping.com 0 79 15/01/2020 13:24:12
nikkeibp.co.jp 0 83 15/01/2020 13:24:12
dict.cc 0 71 15/01/2020 13:24:12
redfin.com 0 76 15/01/2020 13:24:12
costco.com 0 71 15/01/2020 13:24:13
nbcnews.com 0 1030 15/01/2020 13:24:13
agoda.com 0 71 15/01/2020 13:24:14
lazada.com.my 0 82 15/01/2020 13:24:14
bankmellat.ir 0 67 15/01/2020 13:24:14
huawei.com 0 70 15/01/2020 13:24:14
allocine.fr 0 93 15/01/2020 13:24:14
usaa.com 0 76 15/01/2020 13:24:14
admarketplace.net 0 88 15/01/2020 13:24:15
strava.com 0 67 15/01/2020 13:24:15
world.tmall.com 0 398 15/01/2020 13:24:15
prpops.com 0 70 15/01/2020 13:24:15
qingdaonews.com 0 80 15/01/2020 13:24:15
plarium.com 0 77 15/01/2020 13:24:16
nocookie.net 0 78 15/01/2020 13:24:16
tellonym.de 0 78 15/01/2020 13:24:16
idntimes.com 0 77 15/01/2020 13:24:16
google.si 0 71 15/01/2020 13:24:16
op.gg 0 80 15/01/2020 13:24:16
airtel.in 0 67 15/01/2020 13:24:16
food.tmall.com 0 373 15/01/2020 13:24:16
mashable.com 0 84 15/01/2020 13:24:17
ruten.com.tw 0 77 15/01/2020 13:24:17
zomato.com 0 83 15/01/2020 13:24:17
brazzers.com 0 71 15/01/2020 13:24:17
clipconverter.cc 0 84 15/01/2020 13:24:17
andhrajyothy.com 0 77 15/01/2020 13:24:18
labanquepostale.fr 0 106 15/01/2020 13:24:18
chron.com 0 185 15/01/2020 13:24:18
zapmeta.ws 0 71 15/01/2020 13:24:18
politico.com 0 85 15/01/2020 13:24:18
cbc.ca 0 77 15/01/2020 13:24:18
gutefrage.net 0 82 15/01/2020 13:24:18
href.li 0 67 15/01/2020 13:24:19
torrentproject.se 0 72 15/01/2020 13:24:19
visualstudio.com 0 71 15/01/2020 13:24:19
uzone.id 0 71 15/01/2020 13:24:19
focus.de 0 83 15/01/2020 13:24:19
google.tm 0 73 15/01/2020 13:24:19
united.com 0 77 15/01/2020 13:24:19
segmentfault.com 0 370 15/01/2020 13:24:20
welt.de 0 71 15/01/2020 13:24:20
zhanqi.tv 0 367 15/01/2020 13:24:20
ampxchange.com 0 88 15/01/2020 13:24:20
yandex.com.tr 0 71 15/01/2020 13:24:21
likemag.com 0 71 15/01/2020 13:24:21
primevideo.com 0 85 15/01/2020 13:24:21
torrent9.cc 0 86 15/01/2020 13:24:21
turbobit.net 0 68 15/01/2020 13:24:21
chouftv.ma 0 79 15/01/2020 13:24:21
freejobalert.com 0 76 15/01/2020 13:24:21
gazzetta.it 0 120 15/01/2020 13:24:22
perfectgirls.net 0 71 15/01/2020 13:24:22
lazada.com.ph 0 82 15/01/2020 13:24:22
tnaflix.com 0 87 15/01/2020 13:24:22
worldstarhiphop.com 0 71 15/01/2020 13:24:22
x48fly.com 0 84 15/01/2020 13:24:22
java.com 0 77 15/01/2020 13:24:22
ero-advertising.com 0 81 15/01/2020 13:24:23
liveinternet.ru 0 113 15/01/2020 13:24:23
awesomeforyou.club 0 77 15/01/2020 13:24:23
dostor.org 0 77 15/01/2020 13:24:23
vetogate.com 0 76 15/01/2020 13:24:23
digitalprivacyalert.org 0 90 15/01/2020 13:24:23
secure-surf.net 0 77 15/01/2020 13:24:23
11st.co.kr 0 1349 15/01/2020 13:24:24
dribbble.com 0 71 15/01/2020 13:24:25
webtretho.com 0 195 15/01/2020 13:24:25
tomsguide.com 0 83 15/01/2020 13:24:25
imagetwist.com 0 68 15/01/2020 13:24:25
lun.com 0 293 15/01/2020 13:24:26
bookmyshow.com 0 89 15/01/2020 13:24:26
ancestry.com 0 81 15/01/2020 13:24:26
ea.com 0 79 15/01/2020 13:24:26
artstation.com 0 78 15/01/2020 13:24:26
livestrong.com 0 85 15/01/2020 13:24:26
piriform.com 0 71 15/01/2020 13:24:27
nulltheme.net 0 82 15/01/2020 13:24:27
wayfair.com 0 71 15/01/2020 13:24:27
theatlantic.com 0 71 15/01/2020 13:24:27
apache.org 0 76 15/01/2020 13:24:27
liveleak.com 0 71 15/01/2020 13:24:27
skysports.com 0 71 15/01/2020 13:24:27
polygon.com 0 71 15/01/2020 13:24:28
cimaclub.com 0 78 15/01/2020 13:24:28
td.com 0 72 15/01/2020 13:24:28
pcgamer.com 0 88 15/01/2020 13:24:28
internetdownloadmanager.com 0 77 15/01/2020 13:24:28
lazada.co.th 0 369 15/01/2020 13:24:28
dmv.org 0 100 15/01/2020 13:24:29
elvenar.com 0 84 15/01/2020 13:24:29
bhaskar.com 0 78 15/01/2020 13:24:29
avira.com 0 71 15/01/2020 13:24:29
vjav.com 0 71 15/01/2020 13:24:29
photobucket.com 0 69 15/01/2020 13:24:29
ryanair.com 0 76 15/01/2020 13:24:29
datumglobal.com 0 91 15/01/2020 13:24:30
pastebin.com 0 67 15/01/2020 13:24:30
namasha.com 0 71 15/01/2020 13:24:30
friendsheart.com 0 86 15/01/2020 13:24:30
aa.com 0 71 15/01/2020 13:24:30
google.com.af 0 72 15/01/2020 13:24:30
ablogica.com 0 87 15/01/2020 13:24:30
n11.com 0 67 15/01/2020 13:24:30
yjc.ir 0 71 15/01/2020 13:24:31
vesti.ru 0 113 15/01/2020 13:24:31
guancha.cn 0 112 15/01/2020 13:24:31
custhelp.com 0 77 15/01/2020 13:24:31
avast.com 0 67 15/01/2020 13:24:31
hepsiburada.com 0 71 15/01/2020 13:24:31
almasryalyoum.com 0 85 15/01/2020 13:24:31
elfagr.org 0 86 15/01/2020 13:24:32
eol.cn 0 372 15/01/2020 13:24:32
elwatannews.com 0 77 15/01/2020 13:24:32
yandex.kz 0 72 15/01/2020 13:24:32
itmedia.co.jp 0 91 15/01/2020 13:24:32
alwafd.org 0 81 15/01/2020 13:24:33
usbank.com 0 71 15/01/2020 13:24:33
cdninstagram.com 0 76 15/01/2020 13:24:33
dream.co.id 0 81 15/01/2020 13:24:33
creditkarma.com 0 79 15/01/2020 13:24:33
gmanetwork.com 0 374 15/01/2020 13:24:33
teepr.com 0 79 15/01/2020 13:24:34
junbi-tracker.com 0 70 15/01/2020 13:24:34
yespornplease.com 0 79 15/01/2020 13:24:34
ipetgroup.com 0 78 15/01/2020 13:24:34
mileroticos.com 0 77 15/01/2020 13:24:34
mynavi.jp 0 88 15/01/2020 13:24:34
kknews.cc 0 87 15/01/2020 13:24:35
rightmove.co.uk 0 84 15/01/2020 13:24:35
tmz.com 0 80 15/01/2020 13:24:35
adme.ru 0 71 15/01/2020 13:24:35
familydoctor.com.cn 0 88 15/01/2020 13:24:35
abcnews.go.com 0 87 15/01/2020 13:24:35
icy-veins.com 0 67 15/01/2020 13:24:35
mixplugin.com 0 88 15/01/2020 13:24:36
google.com.my 0 73 15/01/2020 13:24:36
joq.al 0 214 15/01/2020 13:24:36
dcard.tw 0 99 15/01/2020 13:24:36
1tv.ru 0 70 15/01/2020 13:24:36
alodokter.com 0 95 15/01/2020 13:24:36
wuxiaworld.com 0 78 15/01/2020 13:24:36
dawn.com 0 79 15/01/2020 13:24:37
jiameng.com 0 92 15/01/2020 13:24:37
nextdoor.com 0 81 15/01/2020 13:24:37
harvard.edu 0 156 15/01/2020 13:24:37
dumedia.ru 0 114 15/01/2020 13:24:37
deezer.com 0 84 15/01/2020 13:24:37
debate.com.mx 0 88 15/01/2020 13:24:38
repelis.tv 0 71 15/01/2020 13:24:38
sanjesh.org 0 71 15/01/2020 13:24:38
biblegateway.com 0 82 15/01/2020 13:24:38
nasa.gov 0 71 15/01/2020 13:24:38
cbssports.com 0 83 15/01/2020 13:24:38
filmfanatic.com 0 72 15/01/2020 13:24:38
keepvid.com 0 77 15/01/2020 13:24:39
nextlnk13.com 0 78 15/01/2020 13:24:39
thewhizmarket.co 0 222 15/01/2020 13:24:39
knowyourmeme.com 0 67 15/01/2020 13:24:39
pexels.com 0 71 15/01/2020 13:24:39
chess.com 0 71 15/01/2020 13:24:39
elevenia.co.id 0 373 15/01/2020 13:24:39
news.com.au 0 84 15/01/2020 13:24:40
hh.ru 0 71 15/01/2020 13:24:40
farsnews.com 0 194 15/01/2020 13:24:40
nmisr.com 0 71 15/01/2020 13:24:40
smallpdf.com 0 83 15/01/2020 13:24:40
pcmag.com 0 71 15/01/2020 13:24:41
seesaa.net 0 71 15/01/2020 13:24:41
eporner.com 0 71 15/01/2020 13:24:41
wired.com 0 80 15/01/2020 13:24:41
fishki.net 0 75 15/01/2020 13:24:41
ted.com 0 70 15/01/2020 13:24:41
india.com 0 81 15/01/2020 13:24:41
mobafire.com 0 77 15/01/2020 13:24:42
gumtree.com 0 76 15/01/2020 13:24:42
translationbuddy.com 0 82 15/01/2020 13:24:42
movie2free.com 0 80 15/01/2020 13:24:42
socialblade.com 0 80 15/01/2020 13:24:42
thepennyhoarder.com 0 81 15/01/2020 13:24:42
rutube.ru 0 67 15/01/2020 13:24:42
abril.com.br 0 72 15/01/2020 13:24:42
zhaopin.com 0 82 15/01/2020 13:24:43
oneindia.com 0 77 15/01/2020 13:24:43
nhk.or.jp 0 296 15/01/2020 13:24:43
ebc.net.tw 0 89 15/01/2020 13:24:43
mejortorrent.com 0 82 15/01/2020 13:24:43
rarbg.is 0 96 15/01/2020 13:24:43
gap.com 0 76 15/01/2020 13:24:44
royalbank.com 0 76 15/01/2020 13:24:44
tim.it 0 102 15/01/2020 13:24:44
blogspot.fr 0 73 15/01/2020 13:24:44
voluumtrk.com 0 83 15/01/2020 13:24:44
w3school.com.cn 0 368 15/01/2020 13:24:44
istockphoto.com 0 84 15/01/2020 13:24:45
infobae.com 0 77 15/01/2020 13:24:45
extratorrent.ag 0 67 15/01/2020 13:24:45
francetvinfo.fr 0 86 15/01/2020 13:24:45
yodobashi.com 0 319 15/01/2020 13:24:45
mysearch.com 0 72 15/01/2020 13:24:46
att.net 0 71 15/01/2020 13:24:46
auction.co.kr 0 77 15/01/2020 13:24:46
tilestwra.com 0 78 15/01/2020 13:24:46
wetter.com 0 70 15/01/2020 13:24:46
sfr.fr 0 70 15/01/2020 13:24:46
tamilrockers.nu 0 119 15/01/2020 13:24:46
wenxuecity.com 0 70 15/01/2020 13:24:47
edx.org 0 84 15/01/2020 13:24:47
kohls.com 0 76 15/01/2020 13:24:47
ifeng.com 0 361 15/01/2020 13:24:47
blogspot.tw 0 99 15/01/2020 13:24:47
readms.net 0 97 15/01/2020 13:24:48
ebay.ca 0 77 15/01/2020 13:24:48
b2b.cn 0 709 15/01/2020 13:24:48
sfgate.com 0 188 15/01/2020 13:24:49
watchfree.to 0 102 15/01/2020 13:24:49
ebates.com 0 84 15/01/2020 13:24:49
metro.co.uk 0 67 15/01/2020 13:24:49
argaam.com 0 71 15/01/2020 13:24:49
searchalgo.com 0 91 15/01/2020 13:24:49
jumia.com.ng 0 81 15/01/2020 13:24:50
eroterest.net 0 294 15/01/2020 13:24:50
twoo.com 0 72 15/01/2020 13:24:50
myanmarload.com 0 89 15/01/2020 13:24:50
aljazeera.net 0 71 15/01/2020 13:24:50
rozetka.com.ua 0 70 15/01/2020 13:24:50
dhgate.com 0 85 15/01/2020 13:24:51
quizzstar.com 0 89 15/01/2020 13:24:51
absoluteclickscom.com 0 85 15/01/2020 13:24:51
123rf.com 0 80 15/01/2020 13:24:51
slate.com 0 79 15/01/2020 13:24:51
skyscanner.net 0 72 15/01/2020 13:24:51
hbogo.com 0 83 15/01/2020 13:24:51
gosuslugi.ru 0 67 15/01/2020 13:24:52
filmweb.pl 0 70 15/01/2020 13:24:52
cookpad.com 0 83 15/01/2020 13:24:52
tripadvisor.co.uk 0 77 15/01/2020 13:24:52
cinecalidad.to 0 87 15/01/2020 13:24:52
opensubtitles.org 0 77 15/01/2020 13:24:52
efrable.info 0 216 15/01/2020 13:24:52
gittigidiyor.com 0 68 15/01/2020 13:24:53
pelisplus.tv 0 81 15/01/2020 13:24:53
onclickads.net 0 79 15/01/2020 13:24:53
bomb01.com 0 86 15/01/2020 13:24:53
nuvid.com 0 78 15/01/2020 13:24:53
change.org 0 67 15/01/2020 13:24:53
gazeta.ru 0 67 15/01/2020 13:24:53
fotostrana.ru 0 71 15/01/2020 13:24:54
1fichier.com 0 67 15/01/2020 13:24:54
icims.com 0 81 15/01/2020 13:24:54
pole-emploi.fr 0 97 15/01/2020 13:24:54
ebay.es 0 76 15/01/2020 13:24:54
kinozal.tv 0 71 15/01/2020 13:24:54
shopclues.com 0 92 15/01/2020 13:24:54
utorrent.com 0 210 15/01/2020 13:24:54
nanoadexchange.com 0 78 15/01/2020 13:24:55
bs.to 0 75 15/01/2020 13:24:55
basecamp.com 0 78 15/01/2020 13:24:55
miui.com 0 82 15/01/2020 13:24:55
lequipe.fr 0 71 15/01/2020 13:24:55
onclickmax.com 0 87 15/01/2020 13:24:55
wowkeren.com 0 91 15/01/2020 13:24:56
axisbank.co.in 0 341 15/01/2020 13:24:56
xing.com 0 71 15/01/2020 13:24:56
sina.com.tw 0 330 15/01/2020 13:24:56
v2ex.com 0 80 15/01/2020 13:24:57
poste.it 0 110 15/01/2020 13:24:57
usenet.nl 0 80 15/01/2020 13:24:57
thehindu.com 0 83 15/01/2020 13:24:57
blogspot.com.ar 0 73 15/01/2020 13:24:57
bintang.com 0 89 15/01/2020 13:24:57
clixsense.com 0 80 15/01/2020 13:24:57
ameba.jp 0 87 15/01/2020 13:24:58
retailmenot.com 0 78 15/01/2020 13:24:58
ficbook.net 0 70 15/01/2020 13:24:58
bola.net 0 82 15/01/2020 13:24:58
eztv.ag 0 71 15/01/2020 13:24:58
makeuseof.com 0 71 15/01/2020 13:24:58
akamaihd.net 0 71 15/01/2020 13:24:58
nairaland.com 0 70 15/01/2020 13:24:59
mynet.com 0 71 15/01/2020 13:24:59
brassring.com 0 83 15/01/2020 13:24:59
people.com 0 83 15/01/2020 13:24:59
milanuncios.com 0 80 15/01/2020 13:24:59
weather.gov 0 84 15/01/2020 13:24:59
kp.ru 0 71 15/01/2020 13:24:59
voirfilms.info 0 86 15/01/2020 13:24:59
deadspin.com 0 67 15/01/2020 13:25:00
echo.msk.ru 0 70 15/01/2020 13:25:00
adbooth.com 0 88 15/01/2020 13:25:00
n282adserv.com 0 189 15/01/2020 13:25:00
lynda.com 0 76 15/01/2020 13:25:00
easypdfcombine.com 0 79 15/01/2020 13:25:00
suara.com 0 79 15/01/2020 13:25:01
meteofrance.com 0 102 15/01/2020 13:25:01
americanas.com.br 0 71 15/01/2020 13:25:01
codecanyon.net 0 79 15/01/2020 13:25:01
gamestop.com 0 91 15/01/2020 13:25:01
brightside.me 0 80 15/01/2020 13:25:01
nsdl.com 0 154 15/01/2020 13:25:01
reclameaqui.com.br 0 300 15/01/2020 13:25:02
abc.net.au 0 74 15/01/2020 13:25:02
npmjs.com 0 78 15/01/2020 13:25:02
4399.com 0 81 15/01/2020 13:25:02
uniqlo.tmall.com 0 706 15/01/2020 13:25:02
gumtree.com.au 0 71 15/01/2020 13:25:03
mysagagame.com 0 158 15/01/2020 13:25:03
vg.no 0 71 15/01/2020 13:25:03
zappos.com 0 71 15/01/2020 13:25:04
zougla.gr 0 142 15/01/2020 13:25:04
novinky.cz 0 71 15/01/2020 13:25:04
banesconline.com 0 1163 15/01/2020 13:25:04
furaffinity.net 0 79 15/01/2020 13:25:05
audible.com 0 89 15/01/2020 13:25:05
blogspot.com.eg 0 75 15/01/2020 13:25:06
alc.co.jp 0 295 15/01/2020 13:25:06
google.com.pr 0 76 15/01/2020 13:25:06
priceline.com 0 76 15/01/2020 13:25:06
zf.fm 0 79 15/01/2020 13:25:06
teamviewer.com 0 81 15/01/2020 13:25:06
readthedocs.io 0 71 15/01/2020 13:25:07
besoccer.com 0 84 15/01/2020 13:25:07
marketwatch.com 0 86 15/01/2020 13:25:07
ivi.ru 0 113 15/01/2020 13:25:07
t-mobile.com 0 232 15/01/2020 13:25:07
blogspot.de 0 72 15/01/2020 13:25:07
indiamart.com 0 98 15/01/2020 13:25:08
amaporn.com 0 84 15/01/2020 13:25:08
so-net.ne.jp 0 306 15/01/2020 13:25:08
nydailynews.com 0 179 15/01/2020 13:25:08
radiorage.com 0 73 15/01/2020 13:25:08
ppomppu.co.kr 0 80 15/01/2020 13:25:09
smartadtags.com 0 82 15/01/2020 13:25:09
clien.net 0 84 15/01/2020 13:25:09
nate.com 0 71 15/01/2020 13:25:09
brand.tmall.com 0 103 15/01/2020 13:25:09
todayhumor.co.kr 0 78 15/01/2020 13:25:09
topix.com 0 82 15/01/2020 13:25:09
worldofwarcraft.com 0 86 15/01/2020 13:25:10
thumbzilla.com 0 66 15/01/2020 13:25:10
toutiao.com 0 156 15/01/2020 13:25:10
sankei.com 0 82 15/01/2020 13:25:10
privatbank.ua 0 81 15/01/2020 13:25:10
kongregate.com 0 82 15/01/2020 13:25:10
ssl-images-amazon.com 0 77 15/01/2020 13:25:10
ly.com 0 79 15/01/2020 13:25:11
aarth.com 0 88 15/01/2020 13:25:11
plex.tv 0 67 15/01/2020 13:25:11
fandango.com 0 76 15/01/2020 13:25:11
xunlei.com 0 70 15/01/2020 13:25:11
vanguardngr.com 0 77 15/01/2020 13:25:11
startpage.com 0 78 15/01/2020 13:25:11
thisav.com 0 83 15/01/2020 13:25:11
wargaming.net 0 71 15/01/2020 13:25:12
vidio.com 0 82 15/01/2020 13:25:12
getbootstrap.com 0 67 15/01/2020 13:25:12
nudevista.com 0 80 15/01/2020 13:25:12
heise.de 0 67 15/01/2020 13:25:12
uniqlo.com 0 83 15/01/2020 13:25:12
mercari.com 0 82 15/01/2020 13:25:12
google.lv 0 74 15/01/2020 13:25:13
bahn.de 0 80 15/01/2020 13:25:13
yr.no 0 85 15/01/2020 13:25:13
ouo.press 0 71 15/01/2020 13:25:13
thoughtco.com 0 78 15/01/2020 13:25:13
constantcontact.com 0 82 15/01/2020 13:25:13
teamliquid.net 0 78 15/01/2020 13:25:13
immobilienscout24.de 0 83 15/01/2020 13:25:13
gotomeeting.com 0 71 15/01/2020 13:25:14
express.pk 0 78 15/01/2020 13:25:14
ssl4anyone5.com 0 484 15/01/2020 13:25:14
codecademy.com 0 79 15/01/2020 13:25:14
last.fm 0 77 15/01/2020 13:25:15
nextmedia.com 0 90 15/01/2020 13:25:15
flaticon.com 0 72 15/01/2020 13:25:15
cloudflare.com 0 72 15/01/2020 13:25:15
postbank.de 0 71 15/01/2020 13:25:15
doorblog.jp 0 302 15/01/2020 13:25:15
freebitco.in 0 67 15/01/2020 13:25:16
netteller.com 0 203 15/01/2020 13:25:16
yifysubtitles.com 0 77 15/01/2020 13:25:16
youku.com 0 82 15/01/2020 13:25:16
3sk.tv 0 78 15/01/2020 13:25:16
championat.com 0 156 15/01/2020 13:25:16
doodle.com 0 71 15/01/2020 13:25:17
televisionfanatic.com 0 72 15/01/2020 13:25:17
online-convert.com 0 71 15/01/2020 13:25:17
zryydi.com 0 104 15/01/2020 13:25:17
scol.com.cn 0 411 15/01/2020 13:25:17
paytm.in 0 87 15/01/2020 13:25:18
tuko.co.ke 0 79 15/01/2020 13:25:18
sky.com 0 67 15/01/2020 13:25:18
hindustantimes.com 0 76 15/01/2020 13:25:18
imagefap.com 0 77 15/01/2020 13:25:18
ky59812.com 0 83 15/01/2020 13:25:18
nvidia.com 0 72 15/01/2020 13:25:18
narod.ru 0 156 15/01/2020 13:25:19
worldoftanks.ru 0 70 15/01/2020 13:25:19
tradeadexchange.com 0 78 15/01/2020 13:25:19
gstatic.com 0 72 15/01/2020 13:25:19
dw.com 0 71 15/01/2020 13:25:19
ninisite.com 0 71 15/01/2020 13:25:19
efukt.com 0 80 15/01/2020 13:25:19
altervista.org 0 67 15/01/2020 13:25:19
quikr.com 0 83 15/01/2020 13:25:20
cracked.com 0 81 15/01/2020 13:25:20
6park.com 0 85 15/01/2020 13:25:20
bringmesports.com 0 72 15/01/2020 13:25:20
marriott.com 0 83 15/01/2020 13:25:20
movieweb.com 0 71 15/01/2020 13:25:20
rutor.info 0 68 15/01/2020 13:25:20
aksam.com.tr 0 77 15/01/2020 13:25:21
curapelanatureza.com.br 0 120 15/01/2020 13:25:21
ashemaletube.com 0 78 15/01/2020 13:25:21
blockchain.info 0 67 15/01/2020 13:25:21
suspents.info 0 221 15/01/2020 13:25:21
rockstargames.com 0 70 15/01/2020 13:25:21
chosun.com 0 71 15/01/2020 13:25:22
baskino.co 0 84 15/01/2020 13:25:22
24video.adult 0 225 15/01/2020 13:25:22
witchcraftcash.com 0 105 15/01/2020 13:25:22
gofundme.com 0 82 15/01/2020 13:25:22
mathworks.com 0 71 15/01/2020 13:25:22
limetorrents.cc 0 100 15/01/2020 13:25:22
indianrail.gov.in 0 71 15/01/2020 13:25:23
arstechnica.com 0 71 15/01/2020 13:25:23
metacritic.com 0 68 15/01/2020 13:25:23
login.tmall.com 0 377 15/01/2020 13:25:23
apartmenttherapy.com 0 85 15/01/2020 13:25:23
jqw.com 0 386 15/01/2020 13:25:24
overstock.com 0 71 15/01/2020 13:25:24
gismeteo.ua 0 136 15/01/2020 13:25:24
backlog.jp 0 89 15/01/2020 13:25:24
zol.com.cn 0 369 15/01/2020 13:25:25
mangareader.net 0 78 15/01/2020 13:25:25
zz10485.com 0 82 15/01/2020 13:25:25
tubepornclassic.com 0 82 15/01/2020 13:25:25
wikiwand.com 0 95 15/01/2020 13:25:25
hltv.org 0 77 15/01/2020 13:25:26
houzz.com 0 71 15/01/2020 13:25:26
qualtrics.com 0 76 15/01/2020 13:25:26
eenadu.net 0 76 15/01/2020 13:25:26
zz106855.com 0 85 15/01/2020 13:25:26
mawdoo3.com 0 67 15/01/2020 13:25:26
firefoxchina.cn 0 382 15/01/2020 13:25:26
bab.la 0 71 15/01/2020 13:25:27
linternaute.com 0 89 15/01/2020 13:25:27
mirtesen.ru 0 85 15/01/2020 13:25:27
ilfattoquotidiano.it 0 85 15/01/2020 13:25:27
stream-it.online 0 97 15/01/2020 13:25:27
ycombinator.com 0 81 15/01/2020 13:25:27
pnc.com 0 217 15/01/2020 13:25:28
ky25282.com 0 83 15/01/2020 13:25:28
wiocha.pl 0 77 15/01/2020 13:25:28
ppy.sh 0 101 15/01/2020 13:25:28
healthline.com 0 83 15/01/2020 13:25:28
epwk.com 0 1207 15/01/2020 13:25:28
xuite.net 0 346 15/01/2020 13:25:30
biglobe.ne.jp 0 296 15/01/2020 13:25:30
mcafee.com 0 70 15/01/2020 13:25:30
atlassian.com 0 82 15/01/2020 13:25:31
fb.ru 0 68 15/01/2020 13:25:31
hollywoodreporter.com 0 72 15/01/2020 13:25:31
envato.com 0 80 15/01/2020 13:25:31
freelancer.com 0 82 15/01/2020 13:25:31
thevintagenews.com 0 78 15/01/2020 13:25:31
gnula.nu 0 78 15/01/2020 13:25:31
verizon.com 0 78 15/01/2020 13:25:32
vox.com 0 71 15/01/2020 13:25:32
jb51.net 0 378 15/01/2020 13:25:32
clarin.com 0 77 15/01/2020 13:25:32
mediaset.it 0 71 15/01/2020 13:25:32
talk.tw 0 347 15/01/2020 13:25:33
wondershare.com 0 161 15/01/2020 13:25:33
orf.at 0 67 15/01/2020 13:25:33
stumbleupon.com 0 83 15/01/2020 13:25:33
bettersearchtools.com 0 83 15/01/2020 13:25:33
otvfoco.com.br 0 382 15/01/2020 13:25:34
telegram.me 0 72 15/01/2020 13:25:34
arxiv.org 0 72 15/01/2020 13:25:34
berkeley.edu 0 67 15/01/2020 13:25:34
telegraf.com.ua 0 78 15/01/2020 13:25:34
admaimai.com 0 1144 15/01/2020 13:25:34
videoyoum7.com 0 90 15/01/2020 13:25:36
crhoy.com 0 78 15/01/2020 13:25:36
20minutes.fr 0 82 15/01/2020 13:25:36
backpage.com 0 162 15/01/2020 13:25:36
ed.gov 0 156 15/01/2020 13:25:36
digitalocean.com 0 70 15/01/2020 13:25:37
leadzupc.com 0 381 15/01/2020 13:25:37
service-now.com 0 82 15/01/2020 13:25:37
igetsend.ru 0 120 15/01/2020 13:25:37
pitchfork.com 0 86 15/01/2020 13:25:37
irs.gov 0 166 15/01/2020 13:25:38
xiaomi.com 0 80 15/01/2020 13:25:38
aniop25.com 0 175 15/01/2020 13:25:38
smugmug.com 0 71 15/01/2020 13:25:38
cda.pl 0 71 15/01/2020 13:25:38
pixhost.org 0 94 15/01/2020 13:25:38
myegy.tv 0 79 15/01/2020 13:25:39
emuparadise.me 0 72 15/01/2020 13:25:39
popclck.com 0 90 15/01/2020 13:25:39
yourporn.sexy 0 71 15/01/2020 13:25:39
gameforge.com 0 70 15/01/2020 13:25:39
habrahabr.ru 0 71 15/01/2020 13:25:39
abc.es 0 76 15/01/2020 13:25:39
urbanoutfitters.com 0 84 15/01/2020 13:25:39
userscloud.com 0 71 15/01/2020 13:25:40
livescore.com 0 71 15/01/2020 13:25:40
tagged.com 0 81 15/01/2020 13:25:40
credit-agricole.fr 0 67 15/01/2020 13:25:40
ajel.sa 0 71 15/01/2020 13:25:40
oneplus.net 0 105 15/01/2020 13:25:40
news18.com 0 303 15/01/2020 13:25:40
bustle.com 0 85 15/01/2020 13:25:41
yeniakit.com.tr 0 77 15/01/2020 13:25:41
finn.no 0 73 15/01/2020 13:25:41
tandfonline.com 0 76 15/01/2020 13:25:41
nationalgeographic.com 0 77 15/01/2020 13:25:41
dagospia.com 0 72 15/01/2020 13:25:41
rp5.ru 0 73 15/01/2020 13:25:42
theweathernetwork.com 0 71 15/01/2020 13:25:42
togetter.com 0 87 15/01/2020 13:25:42
kdnet.net 0 372 15/01/2020 13:25:42
kalerkantho.com 0 101 15/01/2020 13:25:42
v1.cn 0 376 15/01/2020 13:25:43
fanserials.tv 0 71 15/01/2020 13:25:43
blogspot.gr 0 80 15/01/2020 13:25:43
storm.mg 0 83 15/01/2020 13:25:43
iflscience.com 0 82 15/01/2020 13:25:43
commbank.com.au 0 90 15/01/2020 13:25:44
thedailybeast.com 0 72 15/01/2020 13:25:44
cima4u.tv 0 78 15/01/2020 13:25:44
caixabank.es 0 77 15/01/2020 13:25:44
olx.co.id 0 75 15/01/2020 13:25:44
kizi.com 0 77 15/01/2020 13:25:44
neiyi.tmall.com 0 502 15/01/2020 13:25:44
itv.com 0 75 15/01/2020 13:25:45
prom.ua 0 71 15/01/2020 13:25:45
lightinthebox.com 0 71 15/01/2020 13:25:45
ozon.ru 0 90 15/01/2020 13:25:45
mts.ru 0 67 15/01/2020 13:25:45
filmix.me 0 87 15/01/2020 13:25:46
emailaccessonline.com 0 96 15/01/2020 13:25:46
cb01.uno 0 93 15/01/2020 13:25:46
ozee.com 0 90 15/01/2020 13:25:46
redirect2719.ws 0 77 15/01/2020 13:25:46
google.com.cu 0 79 15/01/2020 13:25:46
bastillepost.com 0 82 15/01/2020 13:25:46
anitube.se 0 105 15/01/2020 13:25:47
terrambmsads.com 0 92 15/01/2020 13:25:47
randomvideo.co 0 76 15/01/2020 13:25:47
crabsecret.tmall.com 0 420 15/01/2020 13:25:47
alargery.com 0 78 15/01/2020 13:25:47
abola.pt 0 71 15/01/2020 13:25:48
blibli.com 0 79 15/01/2020 13:25:48
forgeofempires.com 0 77 15/01/2020 13:25:48
google.ba 0 71 15/01/2020 13:25:48
techtudo.com.br 0 324 15/01/2020 13:25:48
editor.wix.com 0 72 15/01/2020 13:25:49
mbank.pl 0 110 15/01/2020 13:25:49
mail.com 0 67 15/01/2020 13:25:49
garmin.com 0 71 15/01/2020 13:25:49
foodnetwork.com 0 95 15/01/2020 13:25:49
lloydsbank.co.uk 0 67 15/01/2020 13:25:49
3c.tmall.com 0 393 15/01/2020 13:25:49
nintendo.com 0 73 15/01/2020 13:25:50
impress.co.jp 0 88 15/01/2020 13:25:50
alsbbora.com 0 90 15/01/2020 13:25:50
eset.com 0 71 15/01/2020 13:25:50
leo.org 0 70 15/01/2020 13:25:50
otto.de 0 84 15/01/2020 13:25:50
fastpic.ru 0 71 15/01/2020 13:25:51
51cto.com 0 82 15/01/2020 13:25:51
myhome.tmall.com 0 506 15/01/2020 13:25:51
bancodevenezuela.com 0 221 15/01/2020 13:25:51
minecraft.net 0 80 15/01/2020 13:25:52
fnac.com 0 75 15/01/2020 13:25:52
vseigru.net 0 79 15/01/2020 13:25:52
service.gov.uk 0 79 15/01/2020 13:25:52
bayt.com 0 80 15/01/2020 13:25:52
t.me 0 67 15/01/2020 13:25:52
bol.uol.com.br 0 285 15/01/2020 13:25:53
hostgator.com 0 86 15/01/2020 13:25:53
ranker.com 0 77 15/01/2020 13:25:53
dreamstime.com 0 70 15/01/2020 13:25:53
triumph.tmall.com 0 125 15/01/2020 13:25:53
playground.ru 0 113 15/01/2020 13:25:53
greatandhra.com 0 84 15/01/2020 13:25:54
360doc.com 0 85 15/01/2020 13:25:54
clickfunnels.com 0 79 15/01/2020 13:25:54
re19fla.com 0 182 15/01/2020 13:25:54
aimer.tmall.com 0 403 15/01/2020 13:25:54
renren.com 0 372 15/01/2020 13:25:55
indiegogo.com 0 80 15/01/2020 13:25:55
blog.me 0 150 15/01/2020 13:25:55
dhl.de 0 72 15/01/2020 13:25:56
pornpics.com 0 77 15/01/2020 13:25:56
gidonline.club 0 82 15/01/2020 13:25:56
feger.tmall.com 0 282 15/01/2020 13:25:56
zeit.de 0 82 15/01/2020 13:25:56
avclub.com 0 82 15/01/2020 13:25:56
elconfidencial.com 0 71 15/01/2020 13:25:57
pinterest.de 0 71 15/01/2020 13:25:57
srchprivate.com 0 96 15/01/2020 13:25:57
lg.com 0 72 15/01/2020 13:25:57
jsfiddle.net 0 77 15/01/2020 13:25:57
rus.ec 0 80 15/01/2020 13:25:57
lanacion.com.ar 0 91 15/01/2020 13:25:57
forever21.com 0 71 15/01/2020 13:25:57
ekantipur.com 0 83 15/01/2020 13:25:58
aftonbladet.se 0 97 15/01/2020 13:25:58
arcot.com 0 78 15/01/2020 13:25:58
telekom.com 0 89 15/01/2020 13:25:58
googleapis.com 0 73 15/01/2020 13:25:58
tradingview.com 0 70 15/01/2020 13:25:58
sanook.com 0 81 15/01/2020 13:25:58
irecommend.ru 0 73 15/01/2020 13:25:59
animeyt.tv 0 89 15/01/2020 13:25:59
jobrapido.com 0 72 15/01/2020 13:25:59
moz.com 0 71 15/01/2020 13:25:59
joins.com 0 327 15/01/2020 13:25:59
letras.mus.br 0 81 15/01/2020 13:25:59
sozcu.com.tr 0 85 15/01/2020 13:26:00
yao.tmall.com 0 408 15/01/2020 13:26:00
njoyapps.com 0 82 15/01/2020 13:26:00
codeproject.com 0 71 15/01/2020 13:26:00
wildberries.ru 0 71 15/01/2020 13:26:00
monster.com 0 71 15/01/2020 13:26:01
programme-tv.net 0 89 15/01/2020 13:26:01
jalopnik.com 0 68 15/01/2020 13:26:01
githubusercontent.com 0 71 15/01/2020 13:26:01
nvqsjdvgqnyk.com 0 82 15/01/2020 13:26:01
pixlr.com 0 83 15/01/2020 13:26:01
tradedoubler.com 0 83 15/01/2020 13:26:01
correios.com.br 0 73 15/01/2020 13:26:02
thingiverse.com 0 77 15/01/2020 13:26:02
starzplay.com 0 91 15/01/2020 13:26:02
smi2.ru 0 114 15/01/2020 13:26:02
virgilio.it 0 77 15/01/2020 13:26:02
yandex.by 0 67 15/01/2020 13:26:02
mayoclinic.org 0 71 15/01/2020 13:26:02
daraz.pk 71 77 15/01/2020 13:26:03
watchseries.do 0 499 15/01/2020 13:26:03
wonderlandads.com 0 80 15/01/2020 13:26:03
concursolutions.com 0 71 15/01/2020 13:26:03
mufg.jp 0 89 15/01/2020 13:26:04
invisionapp.com 0 71 15/01/2020 13:26:04
variety.com 0 71 15/01/2020 13:26:04
dhl.com 0 159 15/01/2020 13:26:04
mediaoffers.click 0 82 15/01/2020 13:26:04
index.hu 0 99 15/01/2020 13:26:04
tvn24.pl 0 83 15/01/2020 13:26:04
sephora.com 0 77 15/01/2020 13:26:05
hsbc.co.uk 0 72 15/01/2020 13:26:05
jetbrains.com 0 83 15/01/2020 13:26:05
neogaf.com 0 83 15/01/2020 13:26:05
epochtimes.com 0 73 15/01/2020 13:26:05
digitaltrends.com 0 71 15/01/2020 13:26:05
elsevier.com 0 71 15/01/2020 13:26:05
entrepreneur.com 0 70 15/01/2020 13:26:06
gog.com 0 71 15/01/2020 13:26:06
internetportalne.ws 0 83 15/01/2020 13:26:06
pcpartpicker.com 0 79 15/01/2020 13:26:06
20minutos.es 0 83 15/01/2020 13:26:06
blogspot.com.tr 0 73 15/01/2020 13:26:06
farfetch.com 0 76 15/01/2020 13:26:06
9anime.to 0 71 15/01/2020 13:26:06
google.com.gh 0 73 15/01/2020 13:26:07
cmovieshd.com 0 80 15/01/2020 13:26:07
yomiuri.co.jp 0 320 15/01/2020 13:26:07
pussl3.com 0 166 15/01/2020 13:26:07
macrumors.com 0 78 15/01/2020 13:26:07
kuronekoyamato.co.jp 0 558 15/01/2020 13:26:08
1111.com.tw 0 327 15/01/2020 13:26:08
shareasale.com 0 78 15/01/2020 13:26:09
xkcd.com 0 72 15/01/2020 13:26:09
bluehost.com 0 85 15/01/2020 13:26:09
donanimhaber.com 0 82 15/01/2020 13:26:09
voyages-sncf.com 0 76 15/01/2020 13:26:09
qiwi.com 0 72 15/01/2020 13:26:09
i.ua 0 68 15/01/2020 13:26:09
yallakora.com 72 138 15/01/2020 13:26:09
trustpilot.com 0 71 15/01/2020 13:26:10
kakao.com 0 71 15/01/2020 13:26:10
tempo.co 0 84 15/01/2020 13:26:10
indeed.co.in 0 77 15/01/2020 13:26:10
walgreens.com 0 77 15/01/2020 13:26:10
imwhite.ru 0 209 15/01/2020 13:26:10
teletica.com 0 77 15/01/2020 13:26:11
newsnow.co.uk 0 70 15/01/2020 13:26:11
miniclip.com 0 81 15/01/2020 13:26:11
coursehero.com 0 77 15/01/2020 13:26:11
otomoto.pl 0 81 15/01/2020 13:26:11
idealo.de 0 72 15/01/2020 13:26:11
zerohedge.com 0 71 15/01/2020 13:26:11
oceanofgames.com 0 76 15/01/2020 13:26:12
lostfilm.tv 0 71 15/01/2020 13:26:12
newstrend.news 0 78 15/01/2020 13:26:12
google.com.sv 0 73 15/01/2020 13:26:12
myworkday.com 0 71 15/01/2020 13:26:12
24h.com.vn 0 360 15/01/2020 13:26:12
jquery.com 0 72 15/01/2020 13:26:13
clevernt.com 0 67 15/01/2020 13:26:13
laposte.fr 0 91 15/01/2020 13:26:13
cmoney.tw 0 333 15/01/2020 13:26:13
mmmoffice.com 0 114 15/01/2020 13:26:13
vmware.com 0 71 15/01/2020 13:26:14
serverfault.com 0 67 15/01/2020 13:26:14
17track.net 0 79 15/01/2020 13:26:14
pelispedia.tv 0 76 15/01/2020 13:26:14
life.ru 0 113 15/01/2020 13:26:14
babycenter.com 0 80 15/01/2020 13:26:14
ilbe.com 0 79 15/01/2020 13:26:14
time2play-online.net 0 222 15/01/2020 13:26:15
semrush.com 0 82 15/01/2020 13:26:15
oasgames.com 0 84 15/01/2020 13:26:15
kapook.com 0 389 15/01/2020 13:26:15
shahid4u.com 0 78 15/01/2020 13:26:16
lolesports.com 0 84 15/01/2020 13:26:16
maybank2u.com.my 0 86 15/01/2020 13:26:16
chegg.com 0 83 15/01/2020 13:26:16
malwarebytes.com 0 77 15/01/2020 13:26:16
tabnak.ir 0 70 15/01/2020 13:26:16
nhl.com 0 71 15/01/2020 13:26:16
pornhublive.com 0 211 15/01/2020 13:26:17
excite.co.jp 0 100 15/01/2020 13:26:17
fetlife.com 0 71 15/01/2020 13:26:17
informer.com 0 81 15/01/2020 13:26:17
match.com 0 77 15/01/2020 13:26:17
fullhdfilmizlesene.org 0 81 15/01/2020 13:26:17
taoche.com 0 345 15/01/2020 13:26:17
swagbucks.com 0 81 15/01/2020 13:26:18
mangahere.co 0 83 15/01/2020 13:26:18
tnt-online.ru 0 116 15/01/2020 13:26:18
adidas.com 0 93 15/01/2020 13:26:18
sports.ru 0 71 15/01/2020 13:26:18
sportzwiki.com 0 77 15/01/2020 13:26:19
gebadu.com 0 81 15/01/2020 13:26:19
globaltimes.cn 0 683 15/01/2020 13:26:19
zozo.jp 0 71 15/01/2020 13:26:20
unblocked.srl 0 97 15/01/2020 13:26:20
lacaixa.es 0 67 15/01/2020 13:26:20
ubuntu.com 0 71 15/01/2020 13:26:20
lavanguardia.com 0 72 15/01/2020 13:26:20
dl-protecte.com 0 94 15/01/2020 13:26:20
depositphotos.com 0 74 15/01/2020 13:26:20
tutsplus.com 0 77 15/01/2020 13:26:21
clips4sale.com 0 82 15/01/2020 13:26:21
sonyentertainmentnetwork.com 0 70 15/01/2020 13:26:21
pornmd.com 0 67 15/01/2020 13:26:21
unicredit.it 0 67 15/01/2020 13:26:21
square-enix.com 0 71 15/01/2020 13:26:21
mysuperapps.online 0 225 15/01/2020 13:26:21
allkpop.com 0 86 15/01/2020 13:26:22
billboard.com 0 77 15/01/2020 13:26:22
nation.co.ke 0 85 15/01/2020 13:26:22
schwab.com 0 68 15/01/2020 13:26:22
nexusmods.com 0 84 15/01/2020 13:26:22
rollingstone.com 0 79 15/01/2020 13:26:22
leparisien.fr 0 69 15/01/2020 13:26:22
google.com.bd 0 72 15/01/2020 13:26:23
coco01.net 0 89 15/01/2020 13:26:23
xhamsterlive.com 0 67 15/01/2020 13:26:23
maxdealz.com 0 86 15/01/2020 13:26:23
iherb.com 0 81 15/01/2020 13:26:23
panipuri.com 0 93 15/01/2020 13:26:23
blackdoctor.org 0 78 15/01/2020 13:26:23
ft.com 0 72 15/01/2020 13:26:24
woot.com 0 80 15/01/2020 13:26:24
airasia.com 0 85 15/01/2020 13:26:24
bc.vc 0 78 15/01/2020 13:26:24
sitepoint.com 0 77 15/01/2020 13:26:24
mydrivers.com 0 380 15/01/2020 13:26:24
autotrader.com 0 72 15/01/2020 13:26:25
mydala.com 0 316 15/01/2020 13:26:25
skroutz.gr 0 129 15/01/2020 13:26:25
jkanime.net 0 82 15/01/2020 13:26:25
cic.gc.ca 0 172 15/01/2020 13:26:25
aastocks.com 0 576 15/01/2020 13:26:26
otzovik.com 0 79 15/01/2020 13:26:26
jizzbunker.com 0 71 15/01/2020 13:26:26
caf.fr 0 101 15/01/2020 13:26:27
docusign.net 0 99 15/01/2020 13:26:27
androidcentral.com 0 78 15/01/2020 13:26:27
sbnation.com 0 85 15/01/2020 13:26:27
curse.com 0 79 15/01/2020 13:26:27
fontawesome.io 0 71 15/01/2020 13:26:27
xoclkrvstrafms.com 0 90 15/01/2020 13:26:27
adturtle.biz 0 83 15/01/2020 13:26:28
lds.org 0 82 15/01/2020 13:26:28
pretty52.com 0 96 15/01/2020 13:26:28
hilton.com 0 188 15/01/2020 13:26:28
seekingalpha.com 0 67 15/01/2020 13:26:28
p30download.com 0 70 15/01/2020 13:26:28
yalla-shoot.com 0 71 15/01/2020 13:26:28
nextlnk14.com 0 84 15/01/2020 13:26:29
tasnimnews.com 0 85 15/01/2020 13:26:29
noaa.gov 0 66 15/01/2020 13:26:29
mangastream.com 0 85 15/01/2020 13:26:29
drugs.com 0 75 15/01/2020 13:26:29
taimienphi.vn 0 371 15/01/2020 13:26:29
bitcointalk.org 0 71 15/01/2020 13:26:30
spankwire.com 0 82 15/01/2020 13:26:30
gotowebinar.com 0 70 15/01/2020 13:26:30
blog.ir 0 71 15/01/2020 13:26:30
deref-gmx.net 0 71 15/01/2020 13:26:30
inc.com 0 79 15/01/2020 13:26:30
mmo-champion.com 0 77 15/01/2020 13:26:30
newyorker.com 0 71 15/01/2020 13:26:31
geeksforgeeks.org 0 83 15/01/2020 13:26:31
books.com.tw 0 326 15/01/2020 13:26:31
aweber.com 0 66 15/01/2020 13:26:31
staticflickr.com 0 84 15/01/2020 13:26:31
hexun.com 0 378 15/01/2020 13:26:32
dotabuff.com 0 71 15/01/2020 13:26:32
hotnewhiphop.com 0 71 15/01/2020 13:26:32
tinyz.us 0 71 15/01/2020 13:26:32
google.com.lb 0 72 15/01/2020 13:26:32
withgoogle.com 0 96 15/01/2020 13:26:32
bmi.ir 0 67 15/01/2020 13:26:33
vid.me 0 84 15/01/2020 13:26:33
derb.gdn 0 77 15/01/2020 13:26:33
bamilo.com 0 88 15/01/2020 13:26:33
redbubble.com 0 80 15/01/2020 13:26:33
adk2x.com 0 82 15/01/2020 13:26:33
os.tc 0 77 15/01/2020 13:26:33
softpedia.com 0 109 15/01/2020 13:26:34
exdynsrv.com 0 71 15/01/2020 13:26:34
spectrum.net 0 84 15/01/2020 13:26:34
afreecatv.com 0 372 15/01/2020 13:26:34
unsplash.com 0 67 15/01/2020 13:26:34
cyro.se 0 136 15/01/2020 13:26:35
chinatimes.com 0 78 15/01/2020 13:26:35
rajasthan.gov.in 0 405 15/01/2020 13:26:35
exblog.jp 0 70 15/01/2020 13:26:35
bzw315.com 0 92 15/01/2020 13:26:35
geocities.jp 0 302 15/01/2020 13:26:36
ceneo.pl 0 122 15/01/2020 13:26:36
01net.com 0 82 15/01/2020 13:26:36
51.la 0 78 15/01/2020 13:26:36
sp.gov.br 0 285 15/01/2020 13:26:36
brazzersnetwork.com 0 76 15/01/2020 13:26:37
feebee.com.tw 0 77 15/01/2020 13:26:37
google.jo 0 72 15/01/2020 13:26:37
udacity.com 0 83 15/01/2020 13:26:37
rei.com 0 77 15/01/2020 13:26:37
baixaki.com.br 0 81 15/01/2020 13:26:37
nifty.com 0 297 15/01/2020 13:26:38
tripadvisor.it 0 77 15/01/2020 13:26:38
proxyspotting.in 0 368 15/01/2020 13:26:38
reverb.com 0 71 15/01/2020 13:26:38
similarweb.com 0 80 15/01/2020 13:26:39
businessweekly.com.tw 0 79 15/01/2020 13:26:39
calch.gdn 0 85 15/01/2020 13:26:39
adidas.tmall.com 0 115 15/01/2020 13:26:39
timeout.com 0 80 15/01/2020 13:26:39
popsugar.com 0 82 15/01/2020 13:26:39
free3dadultgames.com 0 76 15/01/2020 13:26:39
panet.co.il 0 77 15/01/2020 13:26:40
pornolab.net 0 66 15/01/2020 13:26:40
pochta.ru 0 70 15/01/2020 13:26:40
bt.com 0 71 15/01/2020 13:26:40
pussysaga.com 0 71 15/01/2020 13:26:40
crunchbase.com 0 78 15/01/2020 13:26:40
webtoons.com 0 150 15/01/2020 13:26:40
126.com 0 380 15/01/2020 13:26:41
hitc.com 0 79 15/01/2020 13:26:41
over-blog.com 0 89 15/01/2020 13:26:41
marumaru.in 0 91 15/01/2020 13:26:41
traffic-media.co 0 82 15/01/2020 13:26:41
bedbathandbeyond.com 0 99 15/01/2020 13:26:42
argos.co.uk 0 76 15/01/2020 13:26:42
runoob.com 0 89 15/01/2020 13:26:42
iwank.tv 0 70 15/01/2020 13:26:42
engageya.com 0 76 15/01/2020 13:26:42
worldlifestyle.com 0 117 15/01/2020 13:26:42
safefinder.com 0 67 15/01/2020 13:26:42
tunein.com 0 80 15/01/2020 13:26:43
kinja.com 0 66 15/01/2020 13:26:43
minuto30.com 0 78 15/01/2020 13:26:43
isna.ir 0 94 15/01/2020 13:26:43
complex.com 0 76 15/01/2020 13:26:43
rakuten-card.co.jp 0 296 15/01/2020 13:26:43
fileconvertor.org 0 88 15/01/2020 13:26:44
gleam.io 0 71 15/01/2020 13:26:44
ucoz.ru 0 71 15/01/2020 13:26:44
stripe.com 0 70 15/01/2020 13:26:44
flashscore.com 0 78 15/01/2020 13:26:44
readmanga.me 0 71 15/01/2020 13:26:44
whitepages.com 0 71 15/01/2020 13:26:44
alarabiya.net 0 77 15/01/2020 13:26:45
nexon.com 0 76 15/01/2020 13:26:45
jcpenney.com 0 78 15/01/2020 13:26:45
umeng.com 0 82 15/01/2020 13:26:45
dpreview.com 0 86 15/01/2020 13:26:45
kenh14.vn 0 362 15/01/2020 13:26:45
vip.tmall.com 0 107 15/01/2020 13:26:46
libertywriters.com 0 91 15/01/2020 13:26:46
deutsche-bank.de 0 68 15/01/2020 13:26:46
foursquare.com 0 71 15/01/2020 13:26:46
plurk.com 0 78 15/01/2020 13:26:46
littlethings.com 0 84 15/01/2020 13:26:46
sears.com 0 88 15/01/2020 13:26:46
nfl.com 0 73 15/01/2020 13:26:47
adultfriendfinder.com 0 81 15/01/2020 13:26:47
firstpost.com 0 83 15/01/2020 13:26:47
eonline.com 0 84 15/01/2020 13:26:47
eovnx.com 0 91 15/01/2020 13:26:47
gorillavid.in 0 2078 15/01/2020 13:26:47
caffeinamagazine.it 0 95 15/01/2020 13:26:49
nessma.tv 0 81 15/01/2020 13:26:50
pinterest.jp 0 68 15/01/2020 13:26:50
500px.com 0 83 15/01/2020 13:26:50
yandex.com 0 67 15/01/2020 13:26:50
empflix.com 0 71 15/01/2020 13:26:50
christian-dogma.com 0 77 15/01/2020 13:26:50
kbb.com 0 81 15/01/2020 13:26:50
superaix.com 0 77 15/01/2020 13:26:50
boc.cn 0 67 15/01/2020 13:26:51
google.cm 0 74 15/01/2020 13:26:51
kissmanga.com 0 71 15/01/2020 13:26:51
1und1.de 0 72 15/01/2020 13:26:51
thespruce.com 0 77 15/01/2020 13:26:51
astrologyanswers.com 0 79 15/01/2020 13:26:51
wetteronline.de 0 71 15/01/2020 13:26:51
imagebam.com 0 84 15/01/2020 13:26:52
alexa.com 0 89 15/01/2020 13:26:52
xiami.com 0 83 15/01/2020 13:26:52
staples.com 0 84 15/01/2020 13:26:52
serviporno.com 0 87 15/01/2020 13:26:52
danawa.com 0 344 15/01/2020 13:26:52
buffer.com 0 78 15/01/2020 13:26:53
pcworld.com 0 169 15/01/2020 13:26:53
vidto.me 0 72 15/01/2020 13:26:53
moviecorner.com 0 71 15/01/2020 13:26:53
kompasiana.com 0 83 15/01/2020 13:26:53
provinet.net 0 111 15/01/2020 13:26:53
amazon.com.mx 0 71 15/01/2020 13:26:54
linguee.fr 0 87 15/01/2020 13:26:54
sap.com 0 71 15/01/2020 13:26:54
warhistoryonline.com 0 86 15/01/2020 13:26:54
star.com.tr 0 78 15/01/2020 13:26:54
haa66855mo.club 0 88 15/01/2020 13:26:54
thomann.de 0 84 15/01/2020 13:26:54
ilmeteo.it 0 78 15/01/2020 13:26:55
techtarget.com 0 76 15/01/2020 13:26:55
kshowonline.com 0 77 15/01/2020 13:26:55
mundodeportivo.com 0 118 15/01/2020 13:26:55
everydayhealth.com.tw 0 341 15/01/2020 13:26:55
pornhd.com 0 78 15/01/2020 13:26:55
moi.gov.sa 0 195 15/01/2020 13:26:56
elintransigente.com 0 71 15/01/2020 13:26:56
thepicta.com 0 90 15/01/2020 13:26:56
apkpure.com 0 98 15/01/2020 13:26:56
ew.com 0 83 15/01/2020 13:26:56
google.com.kh 0 72 15/01/2020 13:26:56
tut.by 0 71 15/01/2020 13:26:57
17450.xyz 0 101 15/01/2020 13:26:57
mysql.com 0 76 15/01/2020 13:26:57
newtabtvsearch.com 0 76 15/01/2020 13:26:57
cargurus.com 0 77 15/01/2020 13:26:57
cryptocompare.com 0 72 15/01/2020 13:26:57
aljazeera.com 0 83 15/01/2020 13:26:57
valuecommerce.com 0 83 15/01/2020 13:26:57
ynet.co.il 0 86 15/01/2020 13:26:58
pagesjaunes.fr 0 104 15/01/2020 13:26:58
ansa.it 0 71 15/01/2020 13:26:58
easyjet.com 0 71 15/01/2020 13:26:58
windows.net 0 67 15/01/2020 13:26:58
sindonews.com 0 71 15/01/2020 13:26:58
tagesschau.de 0 70 15/01/2020 13:26:58
spanishdict.com 0 85 15/01/2020 13:26:59
archiveofourown.org 0 232 15/01/2020 13:26:59
flightradar24.com 0 78 15/01/2020 13:26:59
lotterypost.com 0 158 15/01/2020 13:26:59
bigcinema.to 0 234 15/01/2020 13:26:59
bola.com 0 91 15/01/2020 13:27:00
hitomi.la 0 71 15/01/2020 13:27:00
sprint.com 0 149 15/01/2020 13:27:00
ana.co.jp 0 82 15/01/2020 13:27:00
viid.me 0 221 15/01/2020 13:27:00
filmitorrent.org 0 123 15/01/2020 13:27:01
fivethirtyeight.com 0 71 15/01/2020 13:27:01
nouvelobs.com 0 87 15/01/2020 13:27:01
ucla.edu 0 213 15/01/2020 13:27:01
mega.co.nz 0 71 15/01/2020 13:27:01
barstoolsports.com 0 79 15/01/2020 13:27:01
bsnl.in 0 396 15/01/2020 13:27:02
tvtropes.org 0 71 15/01/2020 13:27:02
google.ee 0 73 15/01/2020 13:27:02
vente-privee.com 0 95 15/01/2020 13:27:02
indeed.co.uk 0 78 15/01/2020 13:27:02
viki.com 0 72 15/01/2020 13:27:03
rappler.com 0 85 15/01/2020 13:27:03
heavy.com 0 71 15/01/2020 13:27:03
lagaceta.com.ar 0 78 15/01/2020 13:27:03
axisbank.com 0 72 15/01/2020 13:27:03
cleartax.in 0 87 15/01/2020 13:27:03
bitmedianetwork.com 0 81 15/01/2020 13:27:03
hsbc.com.hk 0 77 15/01/2020 13:27:03
zcool.com.cn 0 81 15/01/2020 13:27:04
gemius.pl 0 88 15/01/2020 13:27:04
beingindian.com 0 87 15/01/2020 13:27:04
fitbit.com 0 80 15/01/2020 13:27:04
kinox.to 0 67 15/01/2020 13:27:04
read01.com 0 78 15/01/2020 13:27:04
duba.com 0 85 15/01/2020 13:27:04
picmonkey.com 0 89 15/01/2020 13:27:05
dominos.com 0 96 15/01/2020 13:27:05
elle.com.tw 0 101 15/01/2020 13:27:05
bb.com.br 0 68 15/01/2020 13:27:05
123movies.co 0 108 15/01/2020 13:27:05
blocket.se 0 96 15/01/2020 13:27:05
google.com.uy 0 73 15/01/2020 13:27:05
puu.sh 0 70 15/01/2020 13:27:06
heavy-r.com 0 77 15/01/2020 13:27:06
kumparan.com 0 71 15/01/2020 13:27:06
haberler.com 0 79 15/01/2020 13:27:06
standardmedia.co.ke 0 78 15/01/2020 13:27:06
apartments.com 0 77 15/01/2020 13:27:06
voot.com 0 81 15/01/2020 13:27:06
ria.com 0 72 15/01/2020 13:27:07
yemek.com 0 77 15/01/2020 13:27:07
tc-clicks.com 0 71 15/01/2020 13:27:07
umich.edu 0 71 15/01/2020 13:27:07
synchronycredit.com 0 76 15/01/2020 13:27:07
deref-web-02.de 0 71 15/01/2020 13:27:07
freshdesk.com 0 82 15/01/2020 13:27:07
scotiabank.com 0 81 15/01/2020 13:27:07
qz.com 0 71 15/01/2020 13:27:08
payoneer.com 0 77 15/01/2020 13:27:08
fazenda.gov.br 0 304 15/01/2020 13:27:08
bestadbid.com 0 80 15/01/2020 13:27:08
faz.net 0 72 15/01/2020 13:27:08
iobit.com 0 85 15/01/2020 13:27:08
spiceworks.com 0 89 15/01/2020 13:27:09
coolmath-games.com 0 71 15/01/2020 13:27:09
ubi.com 0 83 15/01/2020 13:27:09
pch.com 0 101 15/01/2020 13:27:09
bbb.org 0 149 15/01/2020 13:27:09
techbang.com 0 80 15/01/2020 13:27:09
privat24.ua 0 116 15/01/2020 13:27:10
jma.go.jp 0 96 15/01/2020 13:27:10
sonyliv.com 0 82 15/01/2020 13:27:10
barnesandnoble.com 0 83 15/01/2020 13:27:10
funnyjunk.com 0 67 15/01/2020 13:27:10
indexmovie.me 0 84 15/01/2020 13:27:10
admarsai.com 0 80 15/01/2020 13:27:10
akoam.com 0 77 15/01/2020 13:27:11
laprensagrafica.com 0 78 15/01/2020 13:27:11
fiuxy.co 0 225 15/01/2020 13:27:11
fast-torrent.ru 0 73 15/01/2020 13:27:11
mypornoonlain.tv 0 84 15/01/2020 13:27:11
woman.ru 0 85 15/01/2020 13:27:11
futhead.com 0 78 15/01/2020 13:27:12
unam.mx 0 72 15/01/2020 13:27:12
screenrant.com 0 71 15/01/2020 13:27:12
jjwxc.net 0 365 15/01/2020 13:27:12
sport.es 0 122 15/01/2020 13:27:12
hotpepper.jp 0 309 15/01/2020 13:27:12
blogspot.kr 0 75 15/01/2020 13:27:13
cdstm.cn 0 685 15/01/2020 13:27:13
idealista.com 0 77 15/01/2020 13:27:14
tenki.jp 0 310 15/01/2020 13:27:14
digg.com 0 71 15/01/2020 13:27:14
bolshoyvopros.ru 0 70 15/01/2020 13:27:14
manyvids.com 0 86 15/01/2020 13:27:14
tsite.jp 0 312 15/01/2020 13:27:15
hotukdeals.com 0 72 15/01/2020 13:27:15
pbs.org 0 70 15/01/2020 13:27:15
daikuan.com 0 368 15/01/2020 13:27:15
iciba.com 0 367 15/01/2020 13:27:16
thegay.com 0 66 15/01/2020 13:27:16
2gis.ru 0 67 15/01/2020 13:27:16
onlinekhabar.com 0 78 15/01/2020 13:27:16
sheypoor.com 0 71 15/01/2020 13:27:17
javfor.me 0 81 15/01/2020 13:27:17
dytt8.net 0 219 15/01/2020 13:27:17
gemx.gdn 0 79 15/01/2020 13:27:17
actcorp.in 0 96 15/01/2020 13:27:17
sbisec.co.jp 0 95 15/01/2020 13:27:17
piliapp.com 0 71 15/01/2020 13:27:17
jezebel.com 0 81 15/01/2020 13:27:18
ibtimes.co.uk 0 80 15/01/2020 13:27:18
mamba.ru 0 113 15/01/2020 13:27:18
bravotube.net 0 77 15/01/2020 13:27:18
namecheap.com 0 76 15/01/2020 13:27:18
